[2025-05-16 01:54:27] INFO    – ================================================================================
[2025-05-16 01:54:27] INFO    – Starting Google Maps scraper from API
[2025-05-16 01:54:27] INFO    – Log file: C:\Users\Roshaan Ali Mehar\Desktop\finabs\finabs\logs\googlemaps_scraper\gmaps_scraper_api_20250516_015427.log
[2025-05-16 01:54:27] INFO    – Parameters: db=Manchester, queue=restaurants_subsector_queue, business=restaurants, headless=False
[2025-05-16 01:54:27] INFO    – ================================================================================
[2025-05-16 01:54:31] INFO    – Connected to MongoDB successfully
[2025-05-16 01:54:31] INFO    – Created queue index
[2025-05-16 01:54:31] INFO    – Created indexes
[2025-05-16 01:54:34] INFO    – Chrome driver initialized successfully
[2025-05-16 01:54:34] INFO    – Processing all unprocessed subsectors
[2025-05-16 01:54:34] INFO    – Total subsectors to process: 299
[2025-05-16 01:54:34] INFO    – ==================================================
[2025-05-16 01:54:34] INFO    – PROCESSING SUBSECTOR: M1 1 (1/299)
[2025-05-16 01:54:34] INFO    – ============================================================
[2025-05-16 01:54:34] INFO    – Starting scrape for subsector: M1 1
[2025-05-16 01:54:34] INFO    – ============================================================
[2025-05-16 01:54:38] INFO    – M1 1 -> search query launched: restaurants in M1 1 Manchester
[2025-05-16 01:54:41] INFO    – M1 1 -> Found 5 unprocessed tiles
[2025-05-16 01:54:41] INFO    – M1 1 -> Clicking tile 1/5: Las Iguanas - Manchester - Deansgate
[2025-05-16 01:54:46] INFO    – WEBSITE-BUSINESS MAPPING: Found website https://www.iguanas.co.uk/restaurants/manchester-deansgate/?utm_source=google&utm_medium=organic&utm_campaign=google_lpm_lasiguanas_manchester_deansgate for business Las Iguanas - Manchester - Deansgate
[2025-05-16 01:54:47] INFO    – M1 1 -> EXTRACTION: Business Name: Las Iguanas - Manchester - Deansgate
[2025-05-16 01:54:47] INFO    – M1 1 -> EXTRACTION: Stars: 4.3
[2025-05-16 01:54:47] INFO    – M1 1 -> EXTRACTION: Reviews: 2333
[2025-05-16 01:54:47] INFO    – M1 1 -> EXTRACTION: Address: 84 Deansgate, Manchester M3 2ER
[2025-05-16 01:54:47] INFO    – M1 1 -> EXTRACTION: Website: https://www.iguanas.co.uk/restaurants/manchester-deansgate/?utm_source=google&utm_medium=organic&utm_campaign=google_lpm_lasiguanas_manchester_deansgate
[2025-05-16 01:54:47] INFO    – M1 1 -> EXTRACTION: Phone: 1615492175
[2025-05-16 01:54:47] INFO    – M1 1 -> BUSINESS-WEBSITE MAPPING: Las Iguanas - Manchester - Deansgate -> https://www.iguanas.co.uk/restaurants/manchester-deansgate/?utm_source=google&utm_medium=organic&utm_campaign=google_lpm_lasiguanas_manchester_deansgate
[2025-05-16 01:54:47] INFO    – M1 1 -> BUSINESS DATA SUMMARY: Name='Las Iguanas - Manchester - Deansgate', Website='https://www.iguanas.co.uk/restaurants/manchester-deansgate/?utm_source=google&utm_medium=organic&utm_campaign=google_lpm_lasiguanas_manchester_deansgate', Phone='1615492175', Address='84 Deansgate, Manchester M3 2E...'
[2025-05-16 01:54:47] INFO    – M1 1 -> Scraped: Las Iguanas - Manchester - Deansgate (phone: 1615492175, address: 84 Deansgate, Manchester M3 2E..., website: https://www.iguanas.co.uk/rest...)
[2025-05-16 01:54:48] INFO    – M1 1 -> Clicking tile 2/5: Peter Street Kitchen
[2025-05-16 01:54:51] INFO    – M1 1 -> Clicking tile 3/5: Higher Ground
[2025-05-16 01:54:57] INFO    – WEBSITE-BUSINESS MAPPING: Found website http://highergroundmcr.co.uk/ for business Higher Ground
[2025-05-16 01:54:58] INFO    – M1 1 -> EXTRACTION: Business Name: Higher Ground
[2025-05-16 01:54:58] INFO    – M1 1 -> EXTRACTION: Stars: 4.7
[2025-05-16 01:54:58] INFO    – M1 1 -> EXTRACTION: Reviews: 318
[2025-05-16 01:54:58] INFO    – M1 1 -> EXTRACTION: Address: Faulkner House, New York St, Manchester M1 4DY
[2025-05-16 01:54:58] INFO    – M1 1 -> EXTRACTION: Website: http://highergroundmcr.co.uk/
[2025-05-16 01:54:58] INFO    – M1 1 -> EXTRACTION: Phone: 1612362931
[2025-05-16 01:54:58] INFO    – M1 1 -> BUSINESS-WEBSITE MAPPING: Higher Ground -> http://highergroundmcr.co.uk/
[2025-05-16 01:54:58] INFO    – M1 1 -> BUSINESS DATA SUMMARY: Name='Higher Ground', Website='http://highergroundmcr.co.uk/', Phone='1612362931', Address='Faulkner House, New York St, M...'
[2025-05-16 01:54:58] INFO    – M1 1 -> Scraped: Higher Ground (phone: 1612362931, address: Faulkner House, New York St, M..., website: http://highergroundmcr.co.uk/)
[2025-05-16 01:54:58] INFO    – M1 1 -> Clicking tile 4/5: Store Street Exchange Restaurant
[2025-05-16 01:55:03] INFO    – WEBSITE-BUSINESS MAPPING: Found website http://www.storestreetmanchester.co.uk/ for business Store Street Exchange Restaurant
[2025-05-16 01:55:04] INFO    – M1 1 -> EXTRACTION: Business Name: Store Street Exchange Restaurant
[2025-05-16 01:55:04] INFO    – M1 1 -> EXTRACTION: Stars: 4.1
[2025-05-16 01:55:04] INFO    – M1 1 -> EXTRACTION: Reviews: 280
[2025-05-16 01:55:04] INFO    – M1 1 -> EXTRACTION: Address: Ground Floor, Store Street Exchange, One Piccadilly Place, 1 Piccadilly, Auburn St, Manchester M1 3DG
[2025-05-16 01:55:04] INFO    – M1 1 -> EXTRACTION: Website: http://www.storestreetmanchester.co.uk/
[2025-05-16 01:55:04] INFO    – M1 1 -> EXTRACTION: Phone: 1612421020
[2025-05-16 01:55:04] INFO    – M1 1 -> BUSINESS-WEBSITE MAPPING: Store Street Exchange Restaurant -> http://www.storestreetmanchester.co.uk/
[2025-05-16 01:55:04] INFO    – M1 1 -> BUSINESS DATA SUMMARY: Name='Store Street Exchange Restaurant', Website='http://www.storestreetmanchester.co.uk/', Phone='1612421020', Address='Ground Floor, Store Street Exc...'
[2025-05-16 01:55:04] INFO    – M1 1 -> Scraped: Store Street Exchange Restaurant (phone: 1612421020, address: Ground Floor, Store Street Exc..., website: http://www.storestreetmanchest...)
[2025-05-16 01:55:05] INFO    – M1 1 -> Clicking tile 5/5: Turtle Bay Manchester Northern Quarter
[2025-05-16 01:55:10] INFO    – WEBSITE-BUSINESS MAPPING: Found website https://turtlebay.co.uk/restaurants/manchester-nq?utm_source=ExtNet&utm_medium=Yext for business Turtle Bay Manchester Northern Quarter
[2025-05-16 01:55:11] INFO    – M1 1 -> EXTRACTION: Business Name: Turtle Bay Manchester Northern Quarter
[2025-05-16 01:55:11] INFO    – M1 1 -> EXTRACTION: Stars: 4.8
[2025-05-16 01:55:11] INFO    – M1 1 -> EXTRACTION: Reviews: 14403
[2025-05-16 01:55:11] INFO    – M1 1 -> EXTRACTION: Address: 46-50 Oldham St, Manchester M4 1LE
[2025-05-16 01:55:11] INFO    – M1 1 -> EXTRACTION: Website: https://turtlebay.co.uk/restaurants/manchester-nq?utm_source=ExtNet&utm_medium=Yext
[2025-05-16 01:55:11] INFO    – M1 1 -> EXTRACTION: Phone: 1612358411
[2025-05-16 01:55:11] INFO    – M1 1 -> BUSINESS-WEBSITE MAPPING: Turtle Bay Manchester Northern Quarter -> https://turtlebay.co.uk/restaurants/manchester-nq?utm_source=ExtNet&utm_medium=Yext
[2025-05-16 01:55:11] INFO    – M1 1 -> BUSINESS DATA SUMMARY: Name='Turtle Bay Manchester Northern Quarter', Website='https://turtlebay.co.uk/restaurants/manchester-nq?utm_source=ExtNet&utm_medium=Yext', Phone='1612358411', Address='46-50 Oldham St, Manchester M4...'
[2025-05-16 01:55:11] INFO    – M1 1 -> Scraped: Turtle Bay Manchester Northern Quarter (phone: 1612358411, address: 46-50 Oldham St, Manchester M4..., website: https://turtlebay.co.uk/restau...)
[2025-05-16 01:55:11] INFO    – M1 1 -> Processed 4 new tiles in this batch
[2025-05-16 01:55:13] INFO    – M1 1 -> scrolled feed (tiles now 10)
[2025-05-16 01:55:13] INFO    – M1 1 -> Total unique businesses processed in this subsector: 4
[2025-05-16 01:55:13] INFO    – M1 1 -> Found 5 unprocessed tiles
[2025-05-16 01:55:14] INFO    – M1 1 -> Clicking tile 1/5: Aplus Oriental Restaurant
[2025-05-16 01:55:16] INFO    – M1 1 -> Clicking tile 2/5: Chez Mal Manchester
[2025-05-16 01:55:21] INFO    – WEBSITE-BUSINESS MAPPING: Found website https://www.malmaison.com/locations/manchester/chez-mal-brasserie-bar/ for business Aplus Oriental Restaurant
[2025-05-16 01:55:22] INFO    – M1 1 -> EXTRACTION: Business Name: Aplus Oriental Restaurant
[2025-05-16 01:55:22] INFO    – M1 1 -> EXTRACTION: Stars: 4.1
[2025-05-16 01:55:22] INFO    – M1 1 -> EXTRACTION: Reviews: 213
[2025-05-16 01:55:22] INFO    – M1 1 -> EXTRACTION: Address: Malmaison Manchester, 1-3 Piccadilly, Manchester M1 1LZ
[2025-05-16 01:55:22] INFO    – M1 1 -> EXTRACTION: Website: https://www.malmaison.com/locations/manchester/chez-mal-brasserie-bar/
[2025-05-16 01:55:22] INFO    – M1 1 -> EXTRACTION: Phone: None
[2025-05-16 01:55:22] INFO    – M1 1 -> BUSINESS-WEBSITE MAPPING: Aplus Oriental Restaurant -> https://www.malmaison.com/locations/manchester/chez-mal-brasserie-bar/
[2025-05-16 01:55:22] INFO    – M1 1 -> BUSINESS DATA SUMMARY: Name='Aplus Oriental Restaurant', Website='https://www.malmaison.com/locations/manchester/chez-mal-brasserie-bar/', Phone='None', Address='Malmaison Manchester, 1-3 Picc...'
[2025-05-16 01:55:22] INFO    – M1 1 -> NOTE: Card name 'Aplus Oriental Restaurant' differs from tile name 'Chez Mal Manchester' (expected due to UI lag)
[2025-05-16 01:55:22] INFO    – M1 1 -> Scraped: Aplus Oriental Restaurant (phone: none, address: Malmaison Manchester, 1-3 Picc..., website: https://www.malmaison.com/loca...)
[2025-05-16 01:55:23] INFO    – M1 1 -> Clicking tile 3/5: TNQ - The Northern Quarter Restaurant & Bar
[2025-05-16 01:55:28] INFO    – WEBSITE-BUSINESS MAPPING: Found website https://www.tnq.co.uk/#tnq-northern-quarter-restaurant-home for business TNQ - The Northern Quarter Restaurant & Bar
[2025-05-16 01:55:29] INFO    – M1 1 -> EXTRACTION: Business Name: TNQ - The Northern Quarter Restaurant & Bar
[2025-05-16 01:55:29] INFO    – M1 1 -> EXTRACTION: Stars: 4.5
[2025-05-16 01:55:29] INFO    – M1 1 -> EXTRACTION: Reviews: 1224
[2025-05-16 01:55:29] INFO    – M1 1 -> EXTRACTION: Address: 108 High St, Manchester M4 1HQ
[2025-05-16 01:55:29] INFO    – M1 1 -> EXTRACTION: Website: https://www.tnq.co.uk/#tnq-northern-quarter-restaurant-home
[2025-05-16 01:55:29] INFO    – M1 1 -> EXTRACTION: Phone: 1618327115
[2025-05-16 01:55:29] INFO    – M1 1 -> BUSINESS-WEBSITE MAPPING: TNQ - The Northern Quarter Restaurant & Bar -> https://www.tnq.co.uk/#tnq-northern-quarter-restaurant-home
[2025-05-16 01:55:29] INFO    – M1 1 -> BUSINESS DATA SUMMARY: Name='TNQ - The Northern Quarter Restaurant & Bar', Website='https://www.tnq.co.uk/#tnq-northern-quarter-restaurant-home', Phone='1618327115', Address='108 High St, Manchester M4 1HQ'
[2025-05-16 01:55:29] INFO    – M1 1 -> Scraped: TNQ - The Northern Quarter Restaurant & Bar (phone: 1618327115, address: 108 High St, Manchester M4 1HQ, website: https://www.tnq.co.uk/#tnq-nor...)
[2025-05-16 01:55:29] INFO    – M1 1 -> Clicking tile 4/5: Lazy Panda Pan Asian
[2025-05-16 01:55:32] INFO    – M1 1 -> Clicking tile 5/5: Bundobust Manchester Piccadilly
[2025-05-16 01:55:37] INFO    – WEBSITE-BUSINESS MAPPING: Found website http://www.bundobust.com/ for business Bundobust Manchester Piccadilly
[2025-05-16 01:55:38] INFO    – M1 1 -> EXTRACTION: Business Name: Bundobust Manchester Piccadilly
[2025-05-16 01:55:38] INFO    – M1 1 -> EXTRACTION: Stars: 4.6
[2025-05-16 01:55:38] INFO    – M1 1 -> EXTRACTION: Reviews: 3701
[2025-05-16 01:55:38] INFO    – M1 1 -> EXTRACTION: Address: 61 Piccadilly, Manchester M1 2AG
[2025-05-16 01:55:38] INFO    – M1 1 -> EXTRACTION: Website: http://www.bundobust.com/
[2025-05-16 01:55:38] INFO    – M1 1 -> EXTRACTION: Phone: 1613596757
[2025-05-16 01:55:38] INFO    – M1 1 -> BUSINESS-WEBSITE MAPPING: Bundobust Manchester Piccadilly -> http://www.bundobust.com/
[2025-05-16 01:55:38] INFO    – M1 1 -> BUSINESS DATA SUMMARY: Name='Bundobust Manchester Piccadilly', Website='http://www.bundobust.com/', Phone='1613596757', Address='61 Piccadilly, Manchester M1 2...'
[2025-05-16 01:55:38] INFO    – M1 1 -> Scraped: Bundobust Manchester Piccadilly (phone: 1613596757, address: 61 Piccadilly, Manchester M1 2..., website: http://www.bundobust.com/)
[2025-05-16 01:55:39] INFO    – M1 1 -> Processed 3 new tiles in this batch
[2025-05-16 01:55:41] INFO    – M1 1 -> scrolled feed (tiles now 15)
[2025-05-16 01:55:41] INFO    – M1 1 -> Total unique businesses processed in this subsector: 7
[2025-05-16 01:55:42] INFO    – M1 1 -> Found 5 unprocessed tiles
[2025-05-16 01:55:42] INFO    – M1 1 -> Clicking tile 1/5: Sandbar Manchester
[2025-05-16 01:55:46] INFO    – WEBSITE-BUSINESS MAPPING: Found website http://sandbarmanchester.co.uk/ for business Sandbar Manchester
[2025-05-16 01:55:47] INFO    – M1 1 -> EXTRACTION: Business Name: Sandbar Manchester
[2025-05-16 01:55:47] INFO    – M1 1 -> EXTRACTION: Stars: 4.6
[2025-05-16 01:55:47] INFO    – M1 1 -> EXTRACTION: Reviews: 1163
[2025-05-16 01:55:47] INFO    – M1 1 -> EXTRACTION: Address: 120 Grosvenor St, Manchester M1 7HL
[2025-05-16 01:55:47] INFO    – M1 1 -> EXTRACTION: Website: http://sandbarmanchester.co.uk/
[2025-05-16 01:55:47] INFO    – M1 1 -> EXTRACTION: Phone: 7572266261
[2025-05-16 01:55:47] INFO    – M1 1 -> BUSINESS-WEBSITE MAPPING: Sandbar Manchester -> http://sandbarmanchester.co.uk/
[2025-05-16 01:55:47] INFO    – M1 1 -> BUSINESS DATA SUMMARY: Name='Sandbar Manchester', Website='http://sandbarmanchester.co.uk/', Phone='7572266261', Address='120 Grosvenor St, Manchester M...'
[2025-05-16 01:55:47] INFO    – M1 1 -> Scraped: Sandbar Manchester (phone: 7572266261, address: 120 Grosvenor St, Manchester M..., website: http://sandbarmanchester.co.uk...)
[2025-05-16 01:55:47] INFO    – Google Maps scraper found 1 new unique records (total: 1/120)
[2025-05-16 01:55:48] INFO    – M1 1 -> Clicking tile 2/5: Turtle Bay Manchester Oxford Rd
[2025-05-16 01:55:52] INFO    – WEBSITE-BUSINESS MAPPING: Found website http://www.turtlebay.co.uk/locations/manchester-oxford-st/?utm_source=ExtNet&utm_medium=Yext for business Turtle Bay Manchester Oxford Rd
[2025-05-16 01:55:54] INFO    – M1 1 -> EXTRACTION: Business Name: Turtle Bay Manchester Oxford Rd
[2025-05-16 01:55:54] INFO    – M1 1 -> EXTRACTION: Stars: 4.8
[2025-05-16 01:55:54] INFO    – M1 1 -> EXTRACTION: Reviews: 18732
[2025-05-16 01:55:54] INFO    – M1 1 -> EXTRACTION: Address: 33-35 Oxford St, Manchester M1 4WB
[2025-05-16 01:55:54] INFO    – M1 1 -> EXTRACTION: Website: http://www.turtlebay.co.uk/locations/manchester-oxford-st/?utm_source=ExtNet&utm_medium=Yext
[2025-05-16 01:55:54] INFO    – M1 1 -> EXTRACTION: Phone: 1612364101
[2025-05-16 01:55:54] INFO    – M1 1 -> BUSINESS-WEBSITE MAPPING: Turtle Bay Manchester Oxford Rd -> http://www.turtlebay.co.uk/locations/manchester-oxford-st/?utm_source=ExtNet&utm_medium=Yext
[2025-05-16 01:55:54] INFO    – M1 1 -> BUSINESS DATA SUMMARY: Name='Turtle Bay Manchester Oxford Rd', Website='http://www.turtlebay.co.uk/locations/manchester-oxford-st/?utm_source=ExtNet&utm_medium=Yext', Phone='1612364101', Address='33-35 Oxford St, Manchester M1...'
[2025-05-16 01:55:54] INFO    – M1 1 -> Scraped: Turtle Bay Manchester Oxford Rd (phone: 1612364101, address: 33-35 Oxford St, Manchester M1..., website: http://www.turtlebay.co.uk/loc...)
[2025-05-16 01:55:54] INFO    – M1 1 -> Clicking tile 3/5: Fumo by San Carlo - Manchester
[2025-05-16 01:55:59] INFO    – WEBSITE-BUSINESS MAPPING: Found website https://sancarlo.co.uk/restaurants/fumo-manchester/?utm_source=google&utm_medium=organic_gbp&utm_campaign=manchester for business Fumo by San Carlo - Manchester
[2025-05-16 01:56:00] INFO    – M1 1 -> EXTRACTION: Business Name: Fumo by San Carlo - Manchester
[2025-05-16 01:56:00] INFO    – M1 1 -> EXTRACTION: Stars: 3.9
[2025-05-16 01:56:00] INFO    – M1 1 -> EXTRACTION: Reviews: 1263
[2025-05-16 01:56:00] INFO    – M1 1 -> EXTRACTION: Address: 1 St Peter's Sq, Oxford St, Manchester M1 5AN
[2025-05-16 01:56:00] INFO    – M1 1 -> EXTRACTION: Website: https://sancarlo.co.uk/restaurants/fumo-manchester/?utm_source=google&utm_medium=organic_gbp&utm_campaign=manchester
[2025-05-16 01:56:00] INFO    – M1 1 -> EXTRACTION: Phone: 1612367344
[2025-05-16 01:56:00] INFO    – M1 1 -> BUSINESS-WEBSITE MAPPING: Fumo by San Carlo - Manchester -> https://sancarlo.co.uk/restaurants/fumo-manchester/?utm_source=google&utm_medium=organic_gbp&utm_campaign=manchester
[2025-05-16 01:56:00] INFO    – M1 1 -> BUSINESS DATA SUMMARY: Name='Fumo by San Carlo - Manchester', Website='https://sancarlo.co.uk/restaurants/fumo-manchester/?utm_source=google&utm_medium=organic_gbp&utm_campaign=manchester', Phone='1612367344', Address='1 St Peter's Sq, Oxford St, Ma...'
[2025-05-16 01:56:00] INFO    – M1 1 -> Scraped: Fumo by San Carlo - Manchester (phone: 1612367344, address: 1 St Peter's Sq, Oxford St, Ma..., website: https://sancarlo.co.uk/restaur...)
[2025-05-16 01:56:00] INFO    – Google Maps scraper found 1 new unique records (total: 2/120)
[2025-05-16 01:56:01] INFO    – M1 1 -> Clicking tile 4/5: Shoryu Ramen
[2025-05-16 01:56:05] INFO    – WEBSITE-BUSINESS MAPPING: Found website https://www.shoryuramen.com/stores/76-manchester for business Shoryu Ramen
[2025-05-16 01:56:06] INFO    – M1 1 -> EXTRACTION: Business Name: Shoryu Ramen
[2025-05-16 01:56:06] INFO    – M1 1 -> EXTRACTION: Stars: 4.5
[2025-05-16 01:56:06] INFO    – M1 1 -> EXTRACTION: Reviews: 2914
[2025-05-16 01:56:06] INFO    – M1 1 -> EXTRACTION: Address: One Piccadilly Gardens, Manchester M1 1RG
[2025-05-16 01:56:06] INFO    – M1 1 -> EXTRACTION: Website: https://www.shoryuramen.com/stores/76-manchester
[2025-05-16 01:56:06] INFO    – M1 1 -> EXTRACTION: Phone: None
[2025-05-16 01:56:06] INFO    – M1 1 -> BUSINESS-WEBSITE MAPPING: Shoryu Ramen -> https://www.shoryuramen.com/stores/76-manchester
[2025-05-16 01:56:06] INFO    – M1 1 -> BUSINESS DATA SUMMARY: Name='Shoryu Ramen', Website='https://www.shoryuramen.com/stores/76-manchester', Phone='None', Address='One Piccadilly Gardens, Manche...'
[2025-05-16 01:56:06] INFO    – M1 1 -> Scraped: Shoryu Ramen (phone: none, address: One Piccadilly Gardens, Manche..., website: https://www.shoryuramen.com/st...)
[2025-05-16 01:56:07] INFO    – M1 1 -> Clicking tile 5/5: Giovannis - Italian Restaurant Manchester
[2025-05-16 01:56:12] INFO    – WEBSITE-BUSINESS MAPPING: Found website https://giovannis.co.uk/ for business Giovannis - Italian Restaurant Manchester
[2025-05-16 01:56:13] INFO    – M1 1 -> EXTRACTION: Business Name: Giovannis - Italian Restaurant Manchester
[2025-05-16 01:56:13] INFO    – M1 1 -> EXTRACTION: Stars: 3.9
[2025-05-16 01:56:13] INFO    – M1 1 -> EXTRACTION: Reviews: 2568
[2025-05-16 01:56:13] INFO    – M1 1 -> EXTRACTION: Address: 1, Peter House, Oxford St, Manchester M1 5AN
[2025-05-16 01:56:13] INFO    – M1 1 -> EXTRACTION: Website: https://giovannis.co.uk/
[2025-05-16 01:56:13] INFO    – M1 1 -> EXTRACTION: Phone: 1612282482
[2025-05-16 01:56:13] INFO    – M1 1 -> BUSINESS-WEBSITE MAPPING: Giovannis - Italian Restaurant Manchester -> https://giovannis.co.uk/
[2025-05-16 01:56:13] INFO    – M1 1 -> BUSINESS DATA SUMMARY: Name='Giovannis - Italian Restaurant Manchester', Website='https://giovannis.co.uk/', Phone='1612282482', Address='1, Peter House, Oxford St, Man...'
[2025-05-16 01:56:13] INFO    – M1 1 -> Scraped: Giovannis - Italian Restaurant Manchester (phone: 1612282482, address: 1, Peter House, Oxford St, Man..., website: https://giovannis.co.uk/)
[2025-05-16 01:56:13] INFO    – M1 1 -> Processed 5 new tiles in this batch
[2025-05-16 01:56:15] INFO    – M1 1 -> scrolled feed (tiles now 21)
[2025-05-16 01:56:15] INFO    – M1 1 -> Total unique businesses processed in this subsector: 12
[2025-05-16 01:56:16] INFO    – M1 1 -> Found 6 unprocessed tiles
[2025-05-16 01:56:16] INFO    – M1 1 -> Clicking tile 1/6: Grove Inn
[2025-05-16 01:56:21] INFO    – WEBSITE-BUSINESS MAPPING: Found website https://www.joseph-holt.com/pubs/grove-inn for business Grove Inn
[2025-05-16 01:56:22] INFO    – M1 1 -> EXTRACTION: Business Name: Grove Inn
[2025-05-16 01:56:22] INFO    – M1 1 -> EXTRACTION: Stars: 4.3
[2025-05-16 01:56:22] INFO    – M1 1 -> EXTRACTION: Reviews: 264
[2025-05-16 01:56:22] INFO    – M1 1 -> EXTRACTION: Address: 652 Ashton New Rd, Clayton, Manchester M11 4AT
[2025-05-16 01:56:22] INFO    – M1 1 -> EXTRACTION: Website: https://www.joseph-holt.com/pubs/grove-inn
[2025-05-16 01:56:22] INFO    – M1 1 -> EXTRACTION: Phone: 1612236522
[2025-05-16 01:56:22] INFO    – M1 1 -> BUSINESS-WEBSITE MAPPING: Grove Inn -> https://www.joseph-holt.com/pubs/grove-inn
[2025-05-16 01:56:22] INFO    – M1 1 -> BUSINESS DATA SUMMARY: Name='Grove Inn', Website='https://www.joseph-holt.com/pubs/grove-inn', Phone='1612236522', Address='652 Ashton New Rd, Clayton, Ma...'
[2025-05-16 01:56:22] INFO    – M1 1 -> Scraped: Grove Inn (phone: 1612236522, address: 652 Ashton New Rd, Clayton, Ma..., website: https://www.joseph-holt.com/pu...)
[2025-05-16 01:56:22] INFO    – Google Maps scraper found 1 new unique records (total: 3/120)
[2025-05-16 01:56:23] INFO    – M1 1 -> Clicking tile 2/6: mana
[2025-05-16 01:56:26] INFO    – M1 1 -> Clicking tile 3/6: Freight Island
[2025-05-16 01:56:31] INFO    – WEBSITE-BUSINESS MAPPING: Found website https://www.escapetofreightisland.com/ for business mana
[2025-05-16 01:56:32] INFO    – M1 1 -> EXTRACTION: Business Name: mana
[2025-05-16 01:56:32] INFO    – M1 1 -> EXTRACTION: Stars: 4.2
[2025-05-16 01:56:32] INFO    – M1 1 -> EXTRACTION: Reviews: 2892
[2025-05-16 01:56:32] INFO    – M1 1 -> EXTRACTION: Address: 11 Baring St, Manchester M1 2PZ
[2025-05-16 01:56:32] INFO    – M1 1 -> EXTRACTION: Website: https://www.escapetofreightisland.com/
[2025-05-16 01:56:32] INFO    – M1 1 -> EXTRACTION: Phone: None
[2025-05-16 01:56:32] INFO    – M1 1 -> BUSINESS-WEBSITE MAPPING: mana -> https://www.escapetofreightisland.com/
[2025-05-16 01:56:32] INFO    – M1 1 -> BUSINESS DATA SUMMARY: Name='mana', Website='https://www.escapetofreightisland.com/', Phone='None', Address='11 Baring St, Manchester M1 2P...'
[2025-05-16 01:56:32] INFO    – M1 1 -> NOTE: Card name 'mana' differs from tile name 'Freight Island' (expected due to UI lag)
[2025-05-16 01:56:32] INFO    – M1 1 -> Scraped: mana (phone: none, address: 11 Baring St, Manchester M1 2P..., website: https://www.escapetofreightisl...)
[2025-05-16 01:56:33] INFO    – M1 1 -> Clicking tile 4/6: Fress Restaurant & Bar
[2025-05-16 01:56:38] INFO    – WEBSITE-BUSINESS MAPPING: Found website http://www.fress.uk/ for business Freight Island
[2025-05-16 01:56:39] INFO    – M1 1 -> EXTRACTION: Business Name: Freight Island
[2025-05-16 01:56:39] INFO    – M1 1 -> EXTRACTION: Stars: 4.2
[2025-05-16 01:56:39] INFO    – M1 1 -> EXTRACTION: Reviews: 2892
[2025-05-16 01:56:39] INFO    – M1 1 -> EXTRACTION: Address: 62 Oldham St, Manchester M4 1LE
[2025-05-16 01:56:39] INFO    – M1 1 -> EXTRACTION: Website: http://www.fress.uk/
[2025-05-16 01:56:39] INFO    – M1 1 -> EXTRACTION: Phone: 1614004455
[2025-05-16 01:56:39] INFO    – M1 1 -> BUSINESS-WEBSITE MAPPING: Freight Island -> http://www.fress.uk/
[2025-05-16 01:56:39] INFO    – M1 1 -> BUSINESS DATA SUMMARY: Name='Freight Island', Website='http://www.fress.uk/', Phone='1614004455', Address='62 Oldham St, Manchester M4 1L...'
[2025-05-16 01:56:39] INFO    – M1 1 -> NOTE: Card name 'Freight Island' differs from tile name 'Fress Restaurant & Bar' (expected due to UI lag)
[2025-05-16 01:56:39] INFO    – M1 1 -> Scraped: Freight Island (phone: 1614004455, address: 62 Oldham St, Manchester M4 1L..., website: http://www.fress.uk/)
[2025-05-16 01:56:39] INFO    – Google Maps scraper found 1 new unique records (total: 4/120)
[2025-05-16 01:56:39] INFO    – M1 1 -> Clicking tile 5/6: The Molly House
[2025-05-16 01:56:46] INFO    – WEBSITE-BUSINESS MAPPING: Found website http://www.themollyhouse.com/ for business Fress Restaurant & Bar
[2025-05-16 01:56:47] INFO    – M1 1 -> EXTRACTION: Business Name: Fress Restaurant & Bar
[2025-05-16 01:56:47] INFO    – M1 1 -> EXTRACTION: Stars: 4.4
[2025-05-16 01:56:47] INFO    – M1 1 -> EXTRACTION: Reviews: 1443
[2025-05-16 01:56:47] INFO    – M1 1 -> EXTRACTION: Address: 26 Richmond St, Manchester M1 3NB
[2025-05-16 01:56:47] INFO    – M1 1 -> EXTRACTION: Website: http://www.themollyhouse.com/
[2025-05-16 01:56:47] INFO    – M1 1 -> EXTRACTION: Phone: 1612379329
[2025-05-16 01:56:47] INFO    – M1 1 -> BUSINESS-WEBSITE MAPPING: Fress Restaurant & Bar -> http://www.themollyhouse.com/
[2025-05-16 01:56:47] INFO    – M1 1 -> BUSINESS DATA SUMMARY: Name='Fress Restaurant & Bar', Website='http://www.themollyhouse.com/', Phone='1612379329', Address='26 Richmond St, Manchester M1 ...'
[2025-05-16 01:56:47] INFO    – M1 1 -> NOTE: Card name 'Fress Restaurant & Bar' differs from tile name 'The Molly House' (expected due to UI lag)
[2025-05-16 01:56:47] INFO    – M1 1 -> Scraped: Fress Restaurant & Bar (phone: 1612379329, address: 26 Richmond St, Manchester M1 ..., website: http://www.themollyhouse.com/)
[2025-05-16 01:56:47] INFO    – Google Maps scraper found 1 new unique records (total: 5/120)
[2025-05-16 01:56:50] INFO    – M1 1 -> Clicking tile 6/6: 
[2025-05-16 01:56:51] WARNING – M1 1 -> Stale element, max retries reached for tile: 
[2025-05-16 01:56:51] INFO    – M1 1 -> Processed 4 new tiles in this batch
[2025-05-16 01:56:53] INFO    – M1 1 -> scrolled feed (tiles now 23)
[2025-05-16 01:56:53] INFO    – M1 1 -> Total unique businesses processed in this subsector: 16
[2025-05-16 01:56:58] INFO    – M1 1 -> Found 4 unprocessed tiles
[2025-05-16 01:56:58] INFO    – M1 1 -> Clicking tile 2/4: Lock 84 Restaurant & Bar
[2025-05-16 01:57:03] INFO    – WEBSITE-BUSINESS MAPPING: Found website https://thereachmcr.com/eat/ for business The Molly House
[2025-05-16 01:57:04] INFO    – M1 1 -> EXTRACTION: Business Name: The Molly House
[2025-05-16 01:57:04] INFO    – M1 1 -> EXTRACTION: Stars: 4.6
[2025-05-16 01:57:04] INFO    – M1 1 -> EXTRACTION: Reviews: 1443
[2025-05-16 01:57:04] INFO    – M1 1 -> EXTRACTION: Address: 7 Ducie St, Manchester M1 2JB
[2025-05-16 01:57:04] INFO    – M1 1 -> EXTRACTION: Website: https://thereachmcr.com/eat/
[2025-05-16 01:57:04] INFO    – M1 1 -> EXTRACTION: Phone: 1613830033
[2025-05-16 01:57:04] INFO    – M1 1 -> BUSINESS-WEBSITE MAPPING: The Molly House -> https://thereachmcr.com/eat/
[2025-05-16 01:57:04] INFO    – M1 1 -> BUSINESS DATA SUMMARY: Name='The Molly House', Website='https://thereachmcr.com/eat/', Phone='1613830033', Address='7 Ducie St, Manchester M1 2JB'
[2025-05-16 01:57:04] INFO    – M1 1 -> NOTE: Card name 'The Molly House' differs from tile name 'Lock 84 Restaurant & Bar' (expected due to UI lag)
[2025-05-16 01:57:04] INFO    – M1 1 -> Scraped: The Molly House (phone: 1613830033, address: 7 Ducie St, Manchester M1 2JB, website: https://thereachmcr.com/eat/)
[2025-05-16 01:57:04] INFO    – M1 1 -> Clicking tile 3/4: Eat Italian Manchester
[2025-05-16 01:57:10] INFO    – WEBSITE-BUSINESS MAPPING: Found website https://www.eatitalian.co/ for business Lock 84 Restaurant & Bar
[2025-05-16 01:57:11] INFO    – M1 1 -> EXTRACTION: Business Name: Lock 84 Restaurant & Bar
[2025-05-16 01:57:11] INFO    – M1 1 -> EXTRACTION: Stars: 4.5
[2025-05-16 01:57:11] INFO    – M1 1 -> EXTRACTION: Reviews: 22
[2025-05-16 01:57:11] INFO    – M1 1 -> EXTRACTION: Address: 39-41 Parker St, Manchester M1 4AJ
[2025-05-16 01:57:11] INFO    – M1 1 -> EXTRACTION: Website: https://www.eatitalian.co/
[2025-05-16 01:57:11] INFO    – M1 1 -> EXTRACTION: Phone: 1615269440
[2025-05-16 01:57:11] INFO    – M1 1 -> BUSINESS-WEBSITE MAPPING: Lock 84 Restaurant & Bar -> https://www.eatitalian.co/
[2025-05-16 01:57:11] INFO    – M1 1 -> BUSINESS DATA SUMMARY: Name='Lock 84 Restaurant & Bar', Website='https://www.eatitalian.co/', Phone='1615269440', Address='39-41 Parker St, Manchester M1...'
[2025-05-16 01:57:11] INFO    – M1 1 -> NOTE: Card name 'Lock 84 Restaurant & Bar' differs from tile name 'Eat Italian Manchester' (expected due to UI lag)
[2025-05-16 01:57:11] INFO    – M1 1 -> Scraped: Lock 84 Restaurant & Bar (phone: 1615269440, address: 39-41 Parker St, Manchester M1..., website: https://www.eatitalian.co/)
[2025-05-16 01:57:14] INFO    – M1 1 -> Clicking tile 4/4: 
[2025-05-16 01:57:15] WARNING – M1 1 -> Stale element, max retries reached for tile: 
[2025-05-16 01:57:15] INFO    – M1 1 -> Processed 2 new tiles in this batch
[2025-05-16 01:57:17] INFO    – M1 1 -> scrolled feed (tiles now 27)
[2025-05-16 01:57:17] INFO    – M1 1 -> Total unique businesses processed in this subsector: 18
[2025-05-16 01:57:20] INFO    – M1 1 -> Found 4 unprocessed tiles
[2025-05-16 01:57:20] INFO    – M1 1 -> Clicking tile 1/4: Chopstix - Manchester Piccadilly
[2025-05-16 01:57:25] INFO    – WEBSITE-BUSINESS MAPPING: Found website https://www.chopstixnoodles.co.uk/stores/manchester-piccadilly for business Eat Italian Manchester
[2025-05-16 01:57:26] INFO    – M1 1 -> EXTRACTION: Business Name: Eat Italian Manchester
[2025-05-16 01:57:26] INFO    – M1 1 -> EXTRACTION: Stars: 4.8
[2025-05-16 01:57:26] INFO    – M1 1 -> EXTRACTION: Reviews: 151
[2025-05-16 01:57:26] INFO    – M1 1 -> EXTRACTION: Address: Unit 9, Gateway House, Station Approach, Manchester M1 2GH
[2025-05-16 01:57:26] INFO    – M1 1 -> EXTRACTION: Website: https://www.chopstixnoodles.co.uk/stores/manchester-piccadilly
[2025-05-16 01:57:26] INFO    – M1 1 -> EXTRACTION: Phone: 1613021142
[2025-05-16 01:57:26] INFO    – M1 1 -> BUSINESS-WEBSITE MAPPING: Eat Italian Manchester -> https://www.chopstixnoodles.co.uk/stores/manchester-piccadilly
[2025-05-16 01:57:26] INFO    – M1 1 -> BUSINESS DATA SUMMARY: Name='Eat Italian Manchester', Website='https://www.chopstixnoodles.co.uk/stores/manchester-piccadilly', Phone='1613021142', Address='Unit 9, Gateway House, Station...'
[2025-05-16 01:57:26] INFO    – M1 1 -> NOTE: Card name 'Eat Italian Manchester' differs from tile name 'Chopstix - Manchester Piccadilly' (expected due to UI lag)
[2025-05-16 01:57:26] INFO    – M1 1 -> Scraped: Eat Italian Manchester (phone: 1613021142, address: Unit 9, Gateway House, Station..., website: https://www.chopstixnoodles.co...)
[2025-05-16 01:57:26] INFO    – Google Maps scraper found 1 new unique records (total: 6/120)
[2025-05-16 01:57:27] INFO    – M1 1 -> Clicking tile 2/4: Manchester Sora Restaurant
[2025-05-16 01:57:32] INFO    – WEBSITE-BUSINESS MAPPING: Found website https://www.malmaison.com/locations/manchester-deansgate/sora/ for business Manchester Sora Restaurant
[2025-05-16 01:57:33] INFO    – M1 1 -> EXTRACTION: Business Name: Manchester Sora Restaurant
[2025-05-16 01:57:33] INFO    – M1 1 -> EXTRACTION: Stars: 4.7
[2025-05-16 01:57:33] INFO    – M1 1 -> EXTRACTION: Reviews: 113
[2025-05-16 01:57:33] INFO    – M1 1 -> EXTRACTION: Address: 23 Princess St, Manchester M2 4EB
[2025-05-16 01:57:33] INFO    – M1 1 -> EXTRACTION: Website: https://www.malmaison.com/locations/manchester-deansgate/sora/
[2025-05-16 01:57:33] INFO    – M1 1 -> EXTRACTION: Phone: 3300160380
[2025-05-16 01:57:33] INFO    – M1 1 -> BUSINESS-WEBSITE MAPPING: Manchester Sora Restaurant -> https://www.malmaison.com/locations/manchester-deansgate/sora/
[2025-05-16 01:57:33] INFO    – M1 1 -> BUSINESS DATA SUMMARY: Name='Manchester Sora Restaurant', Website='https://www.malmaison.com/locations/manchester-deansgate/sora/', Phone='3300160380', Address='23 Princess St, Manchester M2 ...'
[2025-05-16 01:57:33] INFO    – M1 1 -> Scraped: Manchester Sora Restaurant (phone: 3300160380, address: 23 Princess St, Manchester M2 ..., website: https://www.malmaison.com/loca...)
[2025-05-16 01:57:33] INFO    – M1 1 -> Clicking tile 3/4: Village Brasserie
[2025-05-16 01:57:38] INFO    – WEBSITE-BUSINESS MAPPING: Found website https://www.velvetmanchester.com/village-brasserie for business Village Brasserie
[2025-05-16 01:57:39] INFO    – M1 1 -> EXTRACTION: Business Name: Village Brasserie
[2025-05-16 01:57:39] INFO    – M1 1 -> EXTRACTION: Stars: 4.1
[2025-05-16 01:57:39] INFO    – M1 1 -> EXTRACTION: Reviews: 21
[2025-05-16 01:57:39] INFO    – M1 1 -> EXTRACTION: Address: 2 Canal St, Manchester M1 3HE
[2025-05-16 01:57:39] INFO    – M1 1 -> EXTRACTION: Website: https://www.velvetmanchester.com/village-brasserie
[2025-05-16 01:57:39] INFO    – M1 1 -> EXTRACTION: Phone: 1612369003
[2025-05-16 01:57:39] INFO    – M1 1 -> BUSINESS-WEBSITE MAPPING: Village Brasserie -> https://www.velvetmanchester.com/village-brasserie
[2025-05-16 01:57:39] INFO    – M1 1 -> BUSINESS DATA SUMMARY: Name='Village Brasserie', Website='https://www.velvetmanchester.com/village-brasserie', Phone='1612369003', Address='2 Canal St, Manchester M1 3HE'
[2025-05-16 01:57:39] INFO    – M1 1 -> Scraped: Village Brasserie (phone: 1612369003, address: 2 Canal St, Manchester M1 3HE, website: https://www.velvetmanchester.c...)
[2025-05-16 01:57:39] INFO    – Google Maps scraper found 1 new unique records (total: 7/120)
[2025-05-16 01:57:40] INFO    – M1 1 -> Clicking tile 4/4: Real Taste
[2025-05-16 01:57:43] INFO    – M1 1 -> Processed 3 new tiles in this batch
[2025-05-16 01:57:44] INFO    – M1 1 -> scrolled feed (tiles now 32)
[2025-05-16 01:57:44] INFO    – M1 1 -> Total unique businesses processed in this subsector: 21
[2025-05-16 01:57:46] INFO    – M1 1 -> Found 5 unprocessed tiles
[2025-05-16 01:57:46] INFO    – M1 1 -> Clicking tile 1/5: Malmaison Manchester
[2025-05-16 01:57:51] INFO    – WEBSITE-BUSINESS MAPPING: Found website https://www.malmaison.com/locations/manchester/?utm_source=google&utm_medium=organic&utm_campaign=manchester-gmb for business Malmaison Manchester
[2025-05-16 01:57:53] INFO    – M1 1 -> EXTRACTION: Business Name: Malmaison Manchester
[2025-05-16 01:57:53] INFO    – M1 1 -> EXTRACTION: Stars: 4.3
[2025-05-16 01:57:53] INFO    – M1 1 -> EXTRACTION: Reviews: 2123
[2025-05-16 01:57:53] INFO    – M1 1 -> EXTRACTION: Address: 1-3 Piccadilly, Manchester M1 3AQ
[2025-05-16 01:57:53] INFO    – M1 1 -> EXTRACTION: Website: https://www.malmaison.com/locations/manchester/?utm_source=google&utm_medium=organic&utm_campaign=manchester-gmb
[2025-05-16 01:57:53] INFO    – M1 1 -> EXTRACTION: Phone: 1616411883
[2025-05-16 01:57:53] INFO    – M1 1 -> BUSINESS-WEBSITE MAPPING: Malmaison Manchester -> https://www.malmaison.com/locations/manchester/?utm_source=google&utm_medium=organic&utm_campaign=manchester-gmb
[2025-05-16 01:57:53] INFO    – M1 1 -> BUSINESS DATA SUMMARY: Name='Malmaison Manchester', Website='https://www.malmaison.com/locations/manchester/?utm_source=google&utm_medium=organic&utm_campaign=manchester-gmb', Phone='1616411883', Address='1-3 Piccadilly, Manchester M1 ...'
[2025-05-16 01:57:53] INFO    – M1 1 -> Scraped: Malmaison Manchester (phone: 1616411883, address: 1-3 Piccadilly, Manchester M1 ..., website: https://www.malmaison.com/loca...)
[2025-05-16 01:57:53] INFO    – M1 1 -> Clicking tile 2/5: Barburrito - Manchester Piccadilly Gardens
[2025-05-16 01:57:56] INFO    – M1 1 -> Clicking tile 3/5: Chef Diao
[2025-05-16 01:58:04] INFO    – WEBSITE-BUSINESS MAPPING: Found website http://www.chefdiao.com/ for business Barburrito - Manchester Piccadilly Gardens
[2025-05-16 01:58:05] INFO    – M1 1 -> EXTRACTION: Business Name: Barburrito - Manchester Piccadilly Gardens
[2025-05-16 01:58:05] INFO    – M1 1 -> EXTRACTION: Stars: 4.3
[2025-05-16 01:58:05] INFO    – M1 1 -> EXTRACTION: Reviews: 758
[2025-05-16 01:58:05] INFO    – M1 1 -> EXTRACTION: Address: 92-94 Oldham St, Manchester M4 1LJ
[2025-05-16 01:58:05] INFO    – M1 1 -> EXTRACTION: Website: http://www.chefdiao.com/
[2025-05-16 01:58:05] INFO    – M1 1 -> EXTRACTION: Phone: 1612389088
[2025-05-16 01:58:05] INFO    – M1 1 -> BUSINESS-WEBSITE MAPPING: Barburrito - Manchester Piccadilly Gardens -> http://www.chefdiao.com/
[2025-05-16 01:58:05] INFO    – M1 1 -> BUSINESS DATA SUMMARY: Name='Barburrito - Manchester Piccadilly Gardens', Website='http://www.chefdiao.com/', Phone='1612389088', Address='92-94 Oldham St, Manchester M4...'
[2025-05-16 01:58:05] INFO    – M1 1 -> NOTE: Card name 'Barburrito - Manchester Piccadilly Gardens' differs from tile name 'Chef Diao' (expected due to UI lag)
[2025-05-16 01:58:05] INFO    – M1 1 -> Scraped: Barburrito - Manchester Piccadilly Gardens (phone: 1612389088, address: 92-94 Oldham St, Manchester M4..., website: http://www.chefdiao.com/)
[2025-05-16 01:58:05] INFO    – Google Maps scraper found 1 new unique records (total: 8/120)
[2025-05-16 01:58:06] INFO    – M1 1 -> Clicking tile 4/5: 63 Degrees
[2025-05-16 01:58:11] INFO    – WEBSITE-BUSINESS MAPPING: Found website http://www.63degrees.co.uk/ for business 63 Degrees
[2025-05-16 01:58:12] INFO    – M1 1 -> EXTRACTION: Business Name: 63 Degrees
[2025-05-16 01:58:12] INFO    – M1 1 -> EXTRACTION: Stars: 4.3
[2025-05-16 01:58:12] INFO    – M1 1 -> EXTRACTION: Reviews: 483
[2025-05-16 01:58:12] INFO    – M1 1 -> EXTRACTION: Address: 104 High St, Manchester M4 1HQ
[2025-05-16 01:58:12] INFO    – M1 1 -> EXTRACTION: Website: http://www.63degrees.co.uk/
[2025-05-16 01:58:12] INFO    – M1 1 -> EXTRACTION: Phone: 1618325438
[2025-05-16 01:58:12] INFO    – M1 1 -> BUSINESS-WEBSITE MAPPING: 63 Degrees -> http://www.63degrees.co.uk/
[2025-05-16 01:58:12] INFO    – M1 1 -> BUSINESS DATA SUMMARY: Name='63 Degrees', Website='http://www.63degrees.co.uk/', Phone='1618325438', Address='104 High St, Manchester M4 1HQ'
[2025-05-16 01:58:12] INFO    – M1 1 -> Scraped: 63 Degrees (phone: 1618325438, address: 104 High St, Manchester M4 1HQ, website: http://www.63degrees.co.uk/)
[2025-05-16 01:58:13] INFO    – M1 1 -> Clicking tile 5/5: Marco Reas Diner
[2025-05-16 01:58:16] INFO    – M1 1 -> Processed 3 new tiles in this batch
[2025-05-16 01:58:18] INFO    – M1 1 -> scrolled feed (tiles now 37)
[2025-05-16 01:58:18] INFO    – M1 1 -> Total unique businesses processed in this subsector: 24
[2025-05-16 01:58:20] INFO    – M1 1 -> Found 5 unprocessed tiles
[2025-05-16 01:58:20] INFO    – M1 1 -> Clicking tile 1/5: Ezra & Gil
[2025-05-16 01:58:25] INFO    – WEBSITE-BUSINESS MAPPING: Found website http://www.ezraandgil.com/ for business Marco Reas Diner
[2025-05-16 01:58:26] INFO    – M1 1 -> EXTRACTION: Business Name: Marco Reas Diner
[2025-05-16 01:58:26] INFO    – M1 1 -> EXTRACTION: Stars: 4.3
[2025-05-16 01:58:26] INFO    – M1 1 -> EXTRACTION: Reviews: 323
[2025-05-16 01:58:26] INFO    – M1 1 -> EXTRACTION: Address: 20 Hilton St, Manchester M1 1FR
[2025-05-16 01:58:26] INFO    – M1 1 -> EXTRACTION: Website: http://www.ezraandgil.com/
[2025-05-16 01:58:26] INFO    – M1 1 -> EXTRACTION: Phone: None
[2025-05-16 01:58:26] INFO    – M1 1 -> BUSINESS-WEBSITE MAPPING: Marco Reas Diner -> http://www.ezraandgil.com/
[2025-05-16 01:58:26] INFO    – M1 1 -> BUSINESS DATA SUMMARY: Name='Marco Reas Diner', Website='http://www.ezraandgil.com/', Phone='None', Address='20 Hilton St, Manchester M1 1F...'
[2025-05-16 01:58:26] INFO    – M1 1 -> NOTE: Card name 'Marco Reas Diner' differs from tile name 'Ezra & Gil' (expected due to UI lag)
[2025-05-16 01:58:26] INFO    – M1 1 -> Scraped: Marco Reas Diner (phone: none, address: 20 Hilton St, Manchester M1 1F..., website: http://www.ezraandgil.com/)
[2025-05-16 01:58:27] INFO    – M1 1 -> Clicking tile 2/5: Casa Mexica Manchester
[2025-05-16 01:58:32] INFO    – WEBSITE-BUSINESS MAPPING: Found website http://www.casamexica.co.uk/ for business Ezra & Gil
[2025-05-16 01:58:33] INFO    – M1 1 -> EXTRACTION: Business Name: Ezra & Gil
[2025-05-16 01:58:33] INFO    – M1 1 -> EXTRACTION: Stars: 4.6
[2025-05-16 01:58:33] INFO    – M1 1 -> EXTRACTION: Reviews: 2710
[2025-05-16 01:58:33] INFO    – M1 1 -> EXTRACTION: Address: Unit 1, The Quadrangle, Chester St, Manchester M1 5QS
[2025-05-16 01:58:33] INFO    – M1 1 -> EXTRACTION: Website: http://www.casamexica.co.uk/
[2025-05-16 01:58:33] INFO    – M1 1 -> EXTRACTION: Phone: 1612350712
[2025-05-16 01:58:33] INFO    – M1 1 -> BUSINESS-WEBSITE MAPPING: Ezra & Gil -> http://www.casamexica.co.uk/
[2025-05-16 01:58:33] INFO    – M1 1 -> BUSINESS DATA SUMMARY: Name='Ezra & Gil', Website='http://www.casamexica.co.uk/', Phone='1612350712', Address='Unit 1, The Quadrangle, Cheste...'
[2025-05-16 01:58:33] INFO    – M1 1 -> NOTE: Card name 'Ezra & Gil' differs from tile name 'Casa Mexica Manchester' (expected due to UI lag)
[2025-05-16 01:58:33] INFO    – M1 1 -> Scraped: Ezra & Gil (phone: 1612350712, address: Unit 1, The Quadrangle, Cheste..., website: http://www.casamexica.co.uk/)
[2025-05-16 01:58:33] INFO    – Google Maps scraper found 1 new unique records (total: 9/120)
[2025-05-16 01:58:33] INFO    – M1 1 -> Clicking tile 3/5: Nancy Spains - Manchester
[2025-05-16 01:58:39] INFO    – WEBSITE-BUSINESS MAPPING: Found website https://nancyspains.co.uk/ for business Casa Mexica Manchester
[2025-05-16 01:58:40] INFO    – M1 1 -> EXTRACTION: Business Name: Casa Mexica Manchester
[2025-05-16 01:58:40] INFO    – M1 1 -> EXTRACTION: Stars: 4.9
[2025-05-16 01:58:40] INFO    – M1 1 -> EXTRACTION: Reviews: 40
[2025-05-16 01:58:40] INFO    – M1 1 -> EXTRACTION: Address: Nancy Spain’s, 21 Hilton St, Manchester M11 1JJ
[2025-05-16 01:58:40] INFO    – M1 1 -> EXTRACTION: Website: https://nancyspains.co.uk/
[2025-05-16 01:58:40] INFO    – M1 1 -> EXTRACTION: Phone: 21111
[2025-05-16 01:58:40] INFO    – M1 1 -> BUSINESS-WEBSITE MAPPING: Casa Mexica Manchester -> https://nancyspains.co.uk/
[2025-05-16 01:58:40] INFO    – M1 1 -> BUSINESS DATA SUMMARY: Name='Casa Mexica Manchester', Website='https://nancyspains.co.uk/', Phone='21111', Address='Nancy Spain’s, 21 Hilton St, M...'
[2025-05-16 01:58:40] INFO    – M1 1 -> NOTE: Card name 'Casa Mexica Manchester' differs from tile name 'Nancy Spains - Manchester' (expected due to UI lag)
[2025-05-16 01:58:40] INFO    – M1 1 -> Scraped: Casa Mexica Manchester (phone: 21111, address: Nancy Spain’s, 21 Hilton St, M..., website: https://nancyspains.co.uk/)
[2025-05-16 01:58:40] INFO    – Google Maps scraper found 1 new unique records (total: 10/120)
[2025-05-16 01:58:40] INFO    – M1 1 -> Clicking tile 4/5: Home Chinese Manchester
[2025-05-16 01:58:45] INFO    – WEBSITE-BUSINESS MAPPING: Found website http://homechinesemanchester.com/ for business Home Chinese Manchester
[2025-05-16 01:58:46] INFO    – M1 1 -> EXTRACTION: Business Name: Home Chinese Manchester
[2025-05-16 01:58:46] INFO    – M1 1 -> EXTRACTION: Stars: 4.5
[2025-05-16 01:58:46] INFO    – M1 1 -> EXTRACTION: Reviews: 467
[2025-05-16 01:58:46] INFO    – M1 1 -> EXTRACTION: Address: 16 Chorlton St., Manchester M1 3HW
[2025-05-16 01:58:46] INFO    – M1 1 -> EXTRACTION: Website: http://homechinesemanchester.com/
[2025-05-16 01:58:46] INFO    – M1 1 -> EXTRACTION: Phone: 1612229580
[2025-05-16 01:58:46] INFO    – M1 1 -> BUSINESS-WEBSITE MAPPING: Home Chinese Manchester -> http://homechinesemanchester.com/
[2025-05-16 01:58:46] INFO    – M1 1 -> BUSINESS DATA SUMMARY: Name='Home Chinese Manchester', Website='http://homechinesemanchester.com/', Phone='1612229580', Address='16 Chorlton St., Manchester M1...'
[2025-05-16 01:58:46] INFO    – M1 1 -> Scraped: Home Chinese Manchester (phone: 1612229580, address: 16 Chorlton St., Manchester M1..., website: http://homechinesemanchester.c...)
[2025-05-16 01:58:47] INFO    – M1 1 -> Clicking tile 5/5: Fenix Restaurant and Bar, Manchester
[2025-05-16 01:58:49] INFO    – M1 1 -> Processed 4 new tiles in this batch
[2025-05-16 01:58:51] INFO    – M1 1 -> scrolled feed (tiles now 42)
[2025-05-16 01:58:51] INFO    – M1 1 -> Total unique businesses processed in this subsector: 28
[2025-05-16 01:58:54] INFO    – M1 1 -> Found 5 unprocessed tiles
[2025-05-16 01:58:55] INFO    – M1 1 -> Clicking tile 1/5: THE BRASSERIE
[2025-05-16 01:59:00] INFO    – WEBSITE-BUSINESS MAPPING: Found website https://www.mercuremanchester.co.uk/manchester-restaurant/ for business Fenix Restaurant and Bar, Manchester
[2025-05-16 01:59:01] INFO    – M1 1 -> EXTRACTION: Business Name: Fenix Restaurant and Bar, Manchester
[2025-05-16 01:59:01] INFO    – M1 1 -> EXTRACTION: Stars: 4.6
[2025-05-16 01:59:01] INFO    – M1 1 -> EXTRACTION: Reviews: 1684
[2025-05-16 01:59:01] INFO    – M1 1 -> EXTRACTION: Address: Portland St, Manchester M1 4PH
[2025-05-16 01:59:01] INFO    – M1 1 -> EXTRACTION: Website: https://www.mercuremanchester.co.uk/manchester-restaurant/
[2025-05-16 01:59:01] INFO    – M1 1 -> EXTRACTION: Phone: 1617511412
[2025-05-16 01:59:01] INFO    – M1 1 -> BUSINESS-WEBSITE MAPPING: Fenix Restaurant and Bar, Manchester -> https://www.mercuremanchester.co.uk/manchester-restaurant/
[2025-05-16 01:59:01] INFO    – M1 1 -> BUSINESS DATA SUMMARY: Name='Fenix Restaurant and Bar, Manchester', Website='https://www.mercuremanchester.co.uk/manchester-restaurant/', Phone='1617511412', Address='Portland St, Manchester M1 4PH'
[2025-05-16 01:59:01] INFO    – M1 1 -> NOTE: Card name 'Fenix Restaurant and Bar, Manchester' differs from tile name 'THE BRASSERIE' (expected due to UI lag)
[2025-05-16 01:59:01] INFO    – M1 1 -> Scraped: Fenix Restaurant and Bar, Manchester (phone: 1617511412, address: Portland St, Manchester M1 4PH, website: https://www.mercuremanchester....)
[2025-05-16 01:59:01] INFO    – Google Maps scraper found 1 new unique records (total: 11/120)
[2025-05-16 01:59:01] INFO    – M1 1 -> Clicking tile 2/5: Australasia
[2025-05-16 01:59:08] INFO    – WEBSITE-BUSINESS MAPPING: Found website https://australasiamcr.co.uk/ for business THE BRASSERIE
[2025-05-16 01:59:09] INFO    – M1 1 -> EXTRACTION: Business Name: THE BRASSERIE
[2025-05-16 01:59:09] INFO    – M1 1 -> EXTRACTION: Stars: 4.2
[2025-05-16 01:59:09] INFO    – M1 1 -> EXTRACTION: Reviews: 2077
[2025-05-16 01:59:09] INFO    – M1 1 -> EXTRACTION: Address: 1 The Avenue, Deansgate, Manchester M3 3AP
[2025-05-16 01:59:09] INFO    – M1 1 -> EXTRACTION: Website: https://australasiamcr.co.uk/
[2025-05-16 01:59:09] INFO    – M1 1 -> EXTRACTION: Phone: 1618310288
[2025-05-16 01:59:09] INFO    – M1 1 -> BUSINESS-WEBSITE MAPPING: THE BRASSERIE -> https://australasiamcr.co.uk/
[2025-05-16 01:59:09] INFO    – M1 1 -> BUSINESS DATA SUMMARY: Name='THE BRASSERIE', Website='https://australasiamcr.co.uk/', Phone='1618310288', Address='1 The Avenue, Deansgate, Manch...'
[2025-05-16 01:59:09] INFO    – M1 1 -> NOTE: Card name 'THE BRASSERIE' differs from tile name 'Australasia' (expected due to UI lag)
[2025-05-16 01:59:09] INFO    – M1 1 -> Scraped: THE BRASSERIE (phone: 1618310288, address: 1 The Avenue, Deansgate, Manch..., website: https://australasiamcr.co.uk/)
[2025-05-16 01:59:10] INFO    – M1 1 -> Clicking tile 3/5: Habesha Restaurant
[2025-05-16 01:59:16] INFO    – WEBSITE-BUSINESS MAPPING: Found website http://habesharestaurant.co.uk/ for business Australasia
[2025-05-16 01:59:17] INFO    – M1 1 -> EXTRACTION: Business Name: Australasia
[2025-05-16 01:59:17] INFO    – M1 1 -> EXTRACTION: Stars: 4.3
[2025-05-16 01:59:17] INFO    – M1 1 -> EXTRACTION: Reviews: 2077
[2025-05-16 01:59:17] INFO    – M1 1 -> EXTRACTION: Address: 29-31 Sackville St, Manchester M1 3LZ
[2025-05-16 01:59:17] INFO    – M1 1 -> EXTRACTION: Website: http://habesharestaurant.co.uk/
[2025-05-16 01:59:17] INFO    – M1 1 -> EXTRACTION: Phone: 1612287396
[2025-05-16 01:59:17] INFO    – M1 1 -> BUSINESS-WEBSITE MAPPING: Australasia -> http://habesharestaurant.co.uk/
[2025-05-16 01:59:17] INFO    – M1 1 -> BUSINESS DATA SUMMARY: Name='Australasia', Website='http://habesharestaurant.co.uk/', Phone='1612287396', Address='29-31 Sackville St, Manchester...'
[2025-05-16 01:59:17] INFO    – M1 1 -> NOTE: Card name 'Australasia' differs from tile name 'Habesha Restaurant' (expected due to UI lag)
[2025-05-16 01:59:17] INFO    – M1 1 -> Scraped: Australasia (phone: 1612287396, address: 29-31 Sackville St, Manchester..., website: http://habesharestaurant.co.uk...)
[2025-05-16 01:59:17] INFO    – Google Maps scraper found 1 new unique records (total: 12/120)
[2025-05-16 01:59:18] INFO    – M1 1 -> Clicking tile 4/5: Almost Famous NQ
[2025-05-16 01:59:25] INFO    – WEBSITE-BUSINESS MAPPING: Found website http://almostfamousburgers.com/ for business Almost Famous NQ
[2025-05-16 01:59:26] INFO    – M1 1 -> EXTRACTION: Business Name: Almost Famous NQ
[2025-05-16 01:59:26] INFO    – M1 1 -> EXTRACTION: Stars: 4.4
[2025-05-16 01:59:26] INFO    – M1 1 -> EXTRACTION: Reviews: 1731
[2025-05-16 01:59:26] INFO    – M1 1 -> EXTRACTION: Address: 49-51 Edge St, Manchester M4 1HW
[2025-05-16 01:59:26] INFO    – M1 1 -> EXTRACTION: Website: http://almostfamousburgers.com/
[2025-05-16 01:59:26] INFO    – M1 1 -> EXTRACTION: Phone: 1612449424
[2025-05-16 01:59:26] INFO    – M1 1 -> BUSINESS-WEBSITE MAPPING: Almost Famous NQ -> http://almostfamousburgers.com/
[2025-05-16 01:59:26] INFO    – M1 1 -> BUSINESS DATA SUMMARY: Name='Almost Famous NQ', Website='http://almostfamousburgers.com/', Phone='1612449424', Address='49-51 Edge St, Manchester M4 1...'
[2025-05-16 01:59:26] INFO    – M1 1 -> Scraped: Almost Famous NQ (phone: 1612449424, address: 49-51 Edge St, Manchester M4 1..., website: http://almostfamousburgers.com...)
[2025-05-16 01:59:26] INFO    – Google Maps scraper found 1 new unique records (total: 13/120)
[2025-05-16 01:59:26] INFO    – M1 1 -> Clicking tile 5/5: QPlus Tropical Taste Restaurant & Bar..Q3
[2025-05-16 01:59:33] INFO    – WEBSITE-BUSINESS MAPPING: No website found for business QPlus Tropical Taste Restaurant & Bar..Q3
[2025-05-16 01:59:34] INFO    – M1 1 -> EXTRACTION: Business Name: QPlus Tropical Taste Restaurant & Bar..Q3
[2025-05-16 01:59:34] INFO    – M1 1 -> EXTRACTION: Stars: 4.2
[2025-05-16 01:59:34] INFO    – M1 1 -> EXTRACTION: Reviews: 43
[2025-05-16 01:59:34] INFO    – M1 1 -> EXTRACTION: Address: 1038 Ashton New Rd, Manchester M11 4PE
[2025-05-16 01:59:34] INFO    – M1 1 -> EXTRACTION: Website: N/A
[2025-05-16 01:59:34] INFO    – M1 1 -> EXTRACTION: Phone: 1613707621
[2025-05-16 01:59:34] INFO    – M1 1 -> BUSINESS-WEBSITE MAPPING: QPlus Tropical Taste Restaurant & Bar..Q3 -> N/A
[2025-05-16 01:59:34] INFO    – M1 1 -> BUSINESS DATA SUMMARY: Name='QPlus Tropical Taste Restaurant & Bar..Q3', Website='N/A', Phone='1613707621', Address='1038 Ashton New Rd, Manchester...'
[2025-05-16 01:59:34] INFO    – M1 1 -> Scraped: QPlus Tropical Taste Restaurant & Bar..Q3 (phone: 1613707621, address: 1038 Ashton New Rd, Manchester..., website: N/A)
[2025-05-16 01:59:34] INFO    – Google Maps scraper found 1 new unique records (total: 14/120)
[2025-05-16 01:59:35] INFO    – M1 1 -> Processed 5 new tiles in this batch
[2025-05-16 01:59:36] INFO    – M1 1 -> scrolled feed (tiles now 43)
[2025-05-16 01:59:37] INFO    – M1 1 -> Total unique businesses processed in this subsector: 33
[2025-05-16 01:59:46] INFO    – M1 1 -> Found 2 unprocessed tiles
[2025-05-16 01:59:46] INFO    – M1 1 -> Clicking tile 2/2: Do Eat Restaurant Manchester
[2025-05-16 01:59:49] INFO    – M1 1 -> No new tiles processed in this batch
[2025-05-16 01:59:52] INFO    – M1 1 -> scrolled feed (tiles now 48)
[2025-05-16 01:59:52] INFO    – M1 1 -> Total unique businesses processed in this subsector: 33
[2025-05-16 01:59:58] INFO    – M1 1 -> Found 5 unprocessed tiles
[2025-05-16 01:59:58] INFO    – M1 1 -> Clicking tile 1/5: Tattu Manchester
[2025-05-16 02:00:03] INFO    – WEBSITE-BUSINESS MAPPING: Found website https://tattu.co.uk/locations/manchester/ for business Do Eat Restaurant Manchester
[2025-05-16 02:00:05] INFO    – M1 1 -> EXTRACTION: Business Name: Do Eat Restaurant Manchester
[2025-05-16 02:00:05] INFO    – M1 1 -> EXTRACTION: Stars: 4.2
[2025-05-16 02:00:05] INFO    – M1 1 -> EXTRACTION: Reviews: 135
[2025-05-16 02:00:05] INFO    – M1 1 -> EXTRACTION: Address: 3 Hardman Square, Gartside St, Manchester M3 3EB
[2025-05-16 02:00:05] INFO    – M1 1 -> EXTRACTION: Website: https://tattu.co.uk/locations/manchester/
[2025-05-16 02:00:05] INFO    – M1 1 -> EXTRACTION: Phone: 1618192060
[2025-05-16 02:00:05] INFO    – M1 1 -> BUSINESS-WEBSITE MAPPING: Do Eat Restaurant Manchester -> https://tattu.co.uk/locations/manchester/
[2025-05-16 02:00:05] INFO    – M1 1 -> BUSINESS DATA SUMMARY: Name='Do Eat Restaurant Manchester', Website='https://tattu.co.uk/locations/manchester/', Phone='1618192060', Address='3 Hardman Square, Gartside St,...'
[2025-05-16 02:00:05] INFO    – M1 1 -> NOTE: Card name 'Do Eat Restaurant Manchester' differs from tile name 'Tattu Manchester' (expected due to UI lag)
[2025-05-16 02:00:05] INFO    – M1 1 -> Scraped: Do Eat Restaurant Manchester (phone: 1618192060, address: 3 Hardman Square, Gartside St,..., website: https://tattu.co.uk/locations/...)
[2025-05-16 02:00:06] INFO    – M1 1 -> Clicking tile 2/5: Firehouse Manchester
[2025-05-16 02:00:11] INFO    – WEBSITE-BUSINESS MAPPING: Found website http://www.firehousemcr.com/ for business Tattu Manchester
[2025-05-16 02:00:12] INFO    – M1 1 -> EXTRACTION: Business Name: Tattu Manchester
[2025-05-16 02:00:12] INFO    – M1 1 -> EXTRACTION: Stars: 4.5
[2025-05-16 02:00:12] INFO    – M1 1 -> EXTRACTION: Reviews: 3150
[2025-05-16 02:00:12] INFO    – M1 1 -> EXTRACTION: Address: 40 Swan St, Manchester M4 5JG
[2025-05-16 02:00:12] INFO    – M1 1 -> EXTRACTION: Website: http://www.firehousemcr.com/
[2025-05-16 02:00:12] INFO    – M1 1 -> EXTRACTION: Phone: 1614419029
[2025-05-16 02:00:12] INFO    – M1 1 -> BUSINESS-WEBSITE MAPPING: Tattu Manchester -> http://www.firehousemcr.com/
[2025-05-16 02:00:12] INFO    – M1 1 -> BUSINESS DATA SUMMARY: Name='Tattu Manchester', Website='http://www.firehousemcr.com/', Phone='1614419029', Address='40 Swan St, Manchester M4 5JG'
[2025-05-16 02:00:12] INFO    – M1 1 -> NOTE: Card name 'Tattu Manchester' differs from tile name 'Firehouse Manchester' (expected due to UI lag)
[2025-05-16 02:00:12] INFO    – M1 1 -> Scraped: Tattu Manchester (phone: 1614419029, address: 40 Swan St, Manchester M4 5JG, website: http://www.firehousemcr.com/)
[2025-05-16 02:00:12] INFO    – Google Maps scraper found 1 new unique records (total: 15/120)
[2025-05-16 02:00:13] INFO    – M1 1 -> Clicking tile 3/5: Browns Manchester
[2025-05-16 02:00:19] INFO    – WEBSITE-BUSINESS MAPPING: Found website https://www.browns-restaurants.co.uk/restaurants/northwest/manchester?utm_source=google&utm_medium=organic&utm_campaign=gmb-homepage for business Firehouse Manchester
[2025-05-16 02:00:20] INFO    – M1 1 -> EXTRACTION: Business Name: Firehouse Manchester
[2025-05-16 02:00:20] INFO    – M1 1 -> EXTRACTION: Stars: 4.6
[2025-05-16 02:00:20] INFO    – M1 1 -> EXTRACTION: Reviews: 598
[2025-05-16 02:00:20] INFO    – M1 1 -> EXTRACTION: Address: 1 York St, Greater, Manchester M2 2AW
[2025-05-16 02:00:20] INFO    – M1 1 -> EXTRACTION: Website: https://www.browns-restaurants.co.uk/restaurants/northwest/manchester?utm_source=google&utm_medium=organic&utm_campaign=gmb-homepage
[2025-05-16 02:00:20] INFO    – M1 1 -> EXTRACTION: Phone: 1618191055
[2025-05-16 02:00:20] INFO    – M1 1 -> BUSINESS-WEBSITE MAPPING: Firehouse Manchester -> https://www.browns-restaurants.co.uk/restaurants/northwest/manchester?utm_source=google&utm_medium=organic&utm_campaign=gmb-homepage
[2025-05-16 02:00:20] INFO    – M1 1 -> BUSINESS DATA SUMMARY: Name='Firehouse Manchester', Website='https://www.browns-restaurants.co.uk/restaurants/northwest/manchester?utm_source=google&utm_medium=organic&utm_campaign=gmb-homepage', Phone='1618191055', Address='1 York St, Greater, Manchester...'
[2025-05-16 02:00:20] INFO    – M1 1 -> NOTE: Card name 'Firehouse Manchester' differs from tile name 'Browns Manchester' (expected due to UI lag)
[2025-05-16 02:00:20] INFO    – M1 1 -> Scraped: Firehouse Manchester (phone: 1618191055, address: 1 York St, Greater, Manchester..., website: https://www.browns-restaurants...)
[2025-05-16 02:00:21] INFO    – M1 1 -> Clicking tile 4/5: Kabinet Cafe
[2025-05-16 02:00:29] INFO    – WEBSITE-BUSINESS MAPPING: No website found for business Browns Manchester
[2025-05-16 02:00:30] INFO    – M1 1 -> EXTRACTION: Business Name: Browns Manchester
[2025-05-16 02:00:30] INFO    – M1 1 -> EXTRACTION: Stars: 4.5
[2025-05-16 02:00:30] INFO    – M1 1 -> EXTRACTION: Reviews: 3722
[2025-05-16 02:00:30] INFO    – M1 1 -> EXTRACTION: Address: 231 Kay St, Manchester M11 2DU
[2025-05-16 02:00:30] INFO    – M1 1 -> EXTRACTION: Website: N/A
[2025-05-16 02:00:30] INFO    – M1 1 -> EXTRACTION: Phone: 231112
[2025-05-16 02:00:30] INFO    – M1 1 -> BUSINESS-WEBSITE MAPPING: Browns Manchester -> N/A
[2025-05-16 02:00:30] INFO    – M1 1 -> BUSINESS DATA SUMMARY: Name='Browns Manchester', Website='N/A', Phone='231112', Address='231 Kay St, Manchester M11 2DU'
[2025-05-16 02:00:30] INFO    – M1 1 -> NOTE: Card name 'Browns Manchester' differs from tile name 'Kabinet Cafe' (expected due to UI lag)
[2025-05-16 02:00:30] INFO    – M1 1 -> Scraped: Browns Manchester (phone: 231112, address: 231 Kay St, Manchester M11 2DU, website: N/A)
[2025-05-16 02:00:30] INFO    – Google Maps scraper found 1 new unique records (total: 16/120)
[2025-05-16 02:00:31] INFO    – M1 1 -> Clicking tile 5/5: Corn Exchange Manchester
[2025-05-16 02:00:38] INFO    – WEBSITE-BUSINESS MAPPING: Found website https://cornexchangemanchester.co.uk/ for business Kabinet Cafe
[2025-05-16 02:00:39] INFO    – M1 1 -> EXTRACTION: Business Name: Kabinet Cafe
[2025-05-16 02:00:39] INFO    – M1 1 -> EXTRACTION: Stars: 4.0
[2025-05-16 02:00:39] INFO    – M1 1 -> EXTRACTION: Reviews: 1
[2025-05-16 02:00:39] INFO    – M1 1 -> EXTRACTION: Address: Exchange Sq, Greater, Manchester M4 3TR
[2025-05-16 02:00:39] INFO    – M1 1 -> EXTRACTION: Website: https://cornexchangemanchester.co.uk/
[2025-05-16 02:00:39] INFO    – M1 1 -> EXTRACTION: Phone: 1618348961
[2025-05-16 02:00:39] INFO    – M1 1 -> BUSINESS-WEBSITE MAPPING: Kabinet Cafe -> https://cornexchangemanchester.co.uk/
[2025-05-16 02:00:39] INFO    – M1 1 -> BUSINESS DATA SUMMARY: Name='Kabinet Cafe', Website='https://cornexchangemanchester.co.uk/', Phone='1618348961', Address='Exchange Sq, Greater, Manchest...'
[2025-05-16 02:00:39] INFO    – M1 1 -> NOTE: Card name 'Kabinet Cafe' differs from tile name 'Corn Exchange Manchester' (expected due to UI lag)
[2025-05-16 02:00:39] INFO    – M1 1 -> Scraped: Kabinet Cafe (phone: 1618348961, address: Exchange Sq, Greater, Manchest..., website: https://cornexchangemanchester...)
[2025-05-16 02:00:40] INFO    – M1 1 -> Processed 5 new tiles in this batch
[2025-05-16 02:00:41] INFO    – M1 1 -> scrolled feed (tiles now 57)
[2025-05-16 02:00:41] INFO    – M1 1 -> Total unique businesses processed in this subsector: 38
[2025-05-16 02:00:46] INFO    – M1 1 -> Found 9 unprocessed tiles
[2025-05-16 02:00:46] INFO    – M1 1 -> Clicking tile 1/9: Melbourne lounge
[2025-05-16 02:00:52] INFO    – WEBSITE-BUSINESS MAPPING: Found website http://www.melbournelounge.com/ for business Corn Exchange Manchester
[2025-05-16 02:00:53] INFO    – M1 1 -> EXTRACTION: Business Name: Corn Exchange Manchester
[2025-05-16 02:00:53] INFO    – M1 1 -> EXTRACTION: Stars: 4.4
[2025-05-16 02:00:53] INFO    – M1 1 -> EXTRACTION: Reviews: 4116
[2025-05-16 02:00:53] INFO    – M1 1 -> EXTRACTION: Address: 853 Ashton Old Rd, Openshaw, Manchester M11 2NL
[2025-05-16 02:00:53] INFO    – M1 1 -> EXTRACTION: Website: http://www.melbournelounge.com/
[2025-05-16 02:00:53] INFO    – M1 1 -> EXTRACTION: Phone: 853112
[2025-05-16 02:00:53] INFO    – M1 1 -> BUSINESS-WEBSITE MAPPING: Corn Exchange Manchester -> http://www.melbournelounge.com/
[2025-05-16 02:00:53] INFO    – M1 1 -> BUSINESS DATA SUMMARY: Name='Corn Exchange Manchester', Website='http://www.melbournelounge.com/', Phone='853112', Address='853 Ashton Old Rd, Openshaw, M...'
[2025-05-16 02:00:53] INFO    – M1 1 -> NOTE: Card name 'Corn Exchange Manchester' differs from tile name 'Melbourne lounge' (expected due to UI lag)
[2025-05-16 02:00:53] INFO    – M1 1 -> Scraped: Corn Exchange Manchester (phone: 853112, address: 853 Ashton Old Rd, Openshaw, M..., website: http://www.melbournelounge.com...)
[2025-05-16 02:00:53] INFO    – Google Maps scraper found 1 new unique records (total: 17/120)
[2025-05-16 02:00:54] INFO    – M1 1 -> Clicking tile 2/9: Four Seasons Inn四季酒家
[2025-05-16 02:01:02] INFO    – WEBSITE-BUSINESS MAPPING: Found website http://linktr.ee/4seasonsinnmcr for business Melbourne lounge
[2025-05-16 02:01:03] INFO    – M1 1 -> EXTRACTION: Business Name: Melbourne lounge
[2025-05-16 02:01:03] INFO    – M1 1 -> EXTRACTION: Stars: 5.0
[2025-05-16 02:01:03] INFO    – M1 1 -> EXTRACTION: Reviews: 6
[2025-05-16 02:01:03] INFO    – M1 1 -> EXTRACTION: Address: New Smithfield Market, Unit, M8, Manchester M11 2WW
[2025-05-16 02:01:03] INFO    – M1 1 -> EXTRACTION: Website: http://linktr.ee/4seasonsinnmcr
[2025-05-16 02:01:03] INFO    – M1 1 -> EXTRACTION: Phone: 1612209768
[2025-05-16 02:01:03] INFO    – M1 1 -> BUSINESS-WEBSITE MAPPING: Melbourne lounge -> http://linktr.ee/4seasonsinnmcr
[2025-05-16 02:01:03] INFO    – M1 1 -> BUSINESS DATA SUMMARY: Name='Melbourne lounge', Website='http://linktr.ee/4seasonsinnmcr', Phone='1612209768', Address='New Smithfield Market, Unit, M...'
[2025-05-16 02:01:03] INFO    – M1 1 -> NOTE: Card name 'Melbourne lounge' differs from tile name 'Four Seasons Inn四季酒家' (expected due to UI lag)
[2025-05-16 02:01:04] INFO    – M1 1 -> Scraped: Melbourne lounge (phone: 1612209768, address: New Smithfield Market, Unit, M..., website: http://linktr.ee/4seasonsinnmc...)
[2025-05-16 02:01:04] INFO    – Google Maps scraper found 1 new unique records (total: 18/120)
[2025-05-16 02:01:04] INFO    – M1 1 -> Clicking tile 3/9: Capecoast Bar, Restaurant and Takeaway
[2025-05-16 02:01:12] INFO    – WEBSITE-BUSINESS MAPPING: No website found for business Four Seasons Inn四季酒家
[2025-05-16 02:01:14] INFO    – M1 1 -> EXTRACTION: Business Name: Four Seasons Inn四季酒家
[2025-05-16 02:01:14] INFO    – M1 1 -> EXTRACTION: Stars: 4.2
[2025-05-16 02:01:14] INFO    – M1 1 -> EXTRACTION: Reviews: 167
[2025-05-16 02:01:14] INFO    – M1 1 -> EXTRACTION: Address: 86 Belle Vue St, Manchester M12 5PP
[2025-05-16 02:01:14] INFO    – M1 1 -> EXTRACTION: Website: N/A
[2025-05-16 02:01:14] INFO    – M1 1 -> EXTRACTION: Phone: 7427407286
[2025-05-16 02:01:14] INFO    – M1 1 -> BUSINESS-WEBSITE MAPPING: Four Seasons Inn四季酒家 -> N/A
[2025-05-16 02:01:14] INFO    – M1 1 -> BUSINESS DATA SUMMARY: Name='Four Seasons Inn四季酒家', Website='N/A', Phone='7427407286', Address='86 Belle Vue St, Manchester M1...'
[2025-05-16 02:01:14] INFO    – M1 1 -> NOTE: Card name 'Four Seasons Inn四季酒家' differs from tile name 'Capecoast Bar, Restaurant and Takeaway' (expected due to UI lag)
[2025-05-16 02:01:14] INFO    – M1 1 -> Scraped: Four Seasons Inn四季酒家 (phone: 7427407286, address: 86 Belle Vue St, Manchester M1..., website: N/A)
[2025-05-16 02:01:14] INFO    – Google Maps scraper found 1 new unique records (total: 19/120)
[2025-05-16 02:01:15] INFO    – M1 1 -> Clicking tile 4/9: Kala
[2025-05-16 02:01:21] INFO    – WEBSITE-BUSINESS MAPPING: Found website https://www.kalabistro.co.uk/ for business Capecoast Bar, Restaurant and Takeaway
[2025-05-16 02:01:22] INFO    – M1 1 -> EXTRACTION: Business Name: Capecoast Bar, Restaurant and Takeaway
[2025-05-16 02:01:22] INFO    – M1 1 -> EXTRACTION: Stars: 4.2
[2025-05-16 02:01:22] INFO    – M1 1 -> EXTRACTION: Reviews: 143
[2025-05-16 02:01:22] INFO    – M1 1 -> EXTRACTION: Address: 55 King St, Manchester M2 4LQ
[2025-05-16 02:01:22] INFO    – M1 1 -> EXTRACTION: Website: https://www.kalabistro.co.uk/
[2025-05-16 02:01:22] INFO    – M1 1 -> EXTRACTION: Phone: 1618393030
[2025-05-16 02:01:22] INFO    – M1 1 -> BUSINESS-WEBSITE MAPPING: Capecoast Bar, Restaurant and Takeaway -> https://www.kalabistro.co.uk/
[2025-05-16 02:01:22] INFO    – M1 1 -> BUSINESS DATA SUMMARY: Name='Capecoast Bar, Restaurant and Takeaway', Website='https://www.kalabistro.co.uk/', Phone='1618393030', Address='55 King St, Manchester M2 4LQ'
[2025-05-16 02:01:22] INFO    – M1 1 -> NOTE: Card name 'Capecoast Bar, Restaurant and Takeaway' differs from tile name 'Kala' (expected due to UI lag)
[2025-05-16 02:01:22] INFO    – M1 1 -> Scraped: Capecoast Bar, Restaurant and Takeaway (phone: 1618393030, address: 55 King St, Manchester M2 4LQ, website: https://www.kalabistro.co.uk/)
[2025-05-16 02:01:23] INFO    – M1 1 -> Clicking tile 5/9: Grand Daddy's Diner
[2025-05-16 02:01:27] INFO    – WEBSITE-BUSINESS MAPPING: Found website https://www.kalabistro.co.uk/ for business Kala
[2025-05-16 02:01:31] INFO    – M1 1 -> Clicking tile 6/9: 
[2025-05-16 02:01:32] WARNING – M1 1 -> Stale element, max retries reached for tile: 
[2025-05-16 02:01:34] INFO    – M1 1 -> Clicking tile 7/9: 
[2025-05-16 02:01:35] WARNING – M1 1 -> Stale element, max retries reached for tile: 
[2025-05-16 02:01:37] INFO    – M1 1 -> Clicking tile 8/9: 
[2025-05-16 02:01:38] WARNING – M1 1 -> Stale element, max retries reached for tile: 
[2025-05-16 02:01:41] INFO    – M1 1 -> Clicking tile 9/9: 
[2025-05-16 02:01:42] WARNING – M1 1 -> Stale element, max retries reached for tile: 
[2025-05-16 02:01:42] INFO    – M1 1 -> Processed 4 new tiles in this batch
[2025-05-16 02:01:43] INFO    – M1 1 -> scrolled feed (tiles now 58)
[2025-05-16 02:01:43] INFO    – M1 1 -> Total unique businesses processed in this subsector: 42
[2025-05-16 02:01:47] INFO    – M1 1 -> Found 5 unprocessed tiles
[2025-05-16 02:01:48] INFO    – M1 1 -> Clicking tile 1/5: 10 Tib Lane
[2025-05-16 02:01:54] INFO    – WEBSITE-BUSINESS MAPPING: Found website https://www.10tiblane.com/ for business Kala
[2025-05-16 02:01:55] INFO    – M1 1 -> EXTRACTION: Business Name: Kala
[2025-05-16 02:01:55] INFO    – M1 1 -> EXTRACTION: Stars: 4.6
[2025-05-16 02:01:55] INFO    – M1 1 -> EXTRACTION: Reviews: 567
[2025-05-16 02:01:55] INFO    – M1 1 -> EXTRACTION: Address: 10 Tib Ln, Manchester M2 4JB
[2025-05-16 02:01:55] INFO    – M1 1 -> EXTRACTION: Website: https://www.10tiblane.com/
[2025-05-16 02:01:55] INFO    – M1 1 -> EXTRACTION: Phone: 1618331034
[2025-05-16 02:01:55] INFO    – M1 1 -> BUSINESS-WEBSITE MAPPING: Kala -> https://www.10tiblane.com/
[2025-05-16 02:01:55] INFO    – M1 1 -> BUSINESS DATA SUMMARY: Name='Kala', Website='https://www.10tiblane.com/', Phone='1618331034', Address='10 Tib Ln, Manchester M2 4JB'
[2025-05-16 02:01:55] INFO    – M1 1 -> NOTE: Card name 'Kala' differs from tile name '10 Tib Lane' (expected due to UI lag)
[2025-05-16 02:01:55] INFO    – M1 1 -> Scraped: Kala (phone: 1618331034, address: 10 Tib Ln, Manchester M2 4JB, website: https://www.10tiblane.com/)
[2025-05-16 02:01:56] INFO    – M1 1 -> Clicking tile 2/5: Tampopo Corn Exchange
[2025-05-16 02:02:02] INFO    – WEBSITE-BUSINESS MAPPING: Found website https://tampopo.co.uk/ for business 10 Tib Lane
[2025-05-16 02:02:04] INFO    – M1 1 -> EXTRACTION: Business Name: 10 Tib Lane
[2025-05-16 02:02:04] INFO    – M1 1 -> EXTRACTION: Stars: 4.6
[2025-05-16 02:02:04] INFO    – M1 1 -> EXTRACTION: Reviews: 308
[2025-05-16 02:02:04] INFO    – M1 1 -> EXTRACTION: Address: Corn Exchange, Exchange Sq, Manchester M4 3TR
[2025-05-16 02:02:04] INFO    – M1 1 -> EXTRACTION: Website: https://tampopo.co.uk/
[2025-05-16 02:02:04] INFO    – M1 1 -> EXTRACTION: Phone: 1618396484
[2025-05-16 02:02:04] INFO    – M1 1 -> BUSINESS-WEBSITE MAPPING: 10 Tib Lane -> https://tampopo.co.uk/
[2025-05-16 02:02:04] INFO    – M1 1 -> BUSINESS DATA SUMMARY: Name='10 Tib Lane', Website='https://tampopo.co.uk/', Phone='1618396484', Address='Corn Exchange, Exchange Sq, Ma...'
[2025-05-16 02:02:04] INFO    – M1 1 -> NOTE: Card name '10 Tib Lane' differs from tile name 'Tampopo Corn Exchange' (expected due to UI lag)
[2025-05-16 02:02:04] INFO    – M1 1 -> Scraped: 10 Tib Lane (phone: 1618396484, address: Corn Exchange, Exchange Sq, Ma..., website: https://tampopo.co.uk/)
[2025-05-16 02:02:04] INFO    – M1 1 -> Clicking tile 3/5: Live Seafood Ltd
[2025-05-16 02:02:11] INFO    – WEBSITE-BUSINESS MAPPING: Found website http://www.liveseafood.co.uk/ for business Tampopo Corn Exchange
[2025-05-16 02:02:13] INFO    – M1 1 -> EXTRACTION: Business Name: Tampopo Corn Exchange
[2025-05-16 02:02:13] INFO    – M1 1 -> EXTRACTION: Stars: 4.7
[2025-05-16 02:02:13] INFO    – M1 1 -> EXTRACTION: Reviews: 1738
[2025-05-16 02:02:13] INFO    – M1 1 -> EXTRACTION: Address: 163 Ashton Old Rd, Manchester M11 3WU
[2025-05-16 02:02:13] INFO    – M1 1 -> EXTRACTION: Website: http://www.liveseafood.co.uk/
[2025-05-16 02:02:13] INFO    – M1 1 -> EXTRACTION: Phone: 1612220363
[2025-05-16 02:02:13] INFO    – M1 1 -> BUSINESS-WEBSITE MAPPING: Tampopo Corn Exchange -> http://www.liveseafood.co.uk/
[2025-05-16 02:02:13] INFO    – M1 1 -> BUSINESS DATA SUMMARY: Name='Tampopo Corn Exchange', Website='http://www.liveseafood.co.uk/', Phone='1612220363', Address='163 Ashton Old Rd, Manchester ...'
[2025-05-16 02:02:13] INFO    – M1 1 -> NOTE: Card name 'Tampopo Corn Exchange' differs from tile name 'Live Seafood Ltd' (expected due to UI lag)
[2025-05-16 02:02:13] INFO    – M1 1 -> Scraped: Tampopo Corn Exchange (phone: 1612220363, address: 163 Ashton Old Rd, Manchester ..., website: http://www.liveseafood.co.uk/)
[2025-05-16 02:02:13] INFO    – Google Maps scraper found 1 new unique records (total: 20/120)
[2025-05-16 02:02:13] INFO    – M1 1 -> Clicking tile 4/5: Masons
[2025-05-16 02:02:20] INFO    – WEBSITE-BUSINESS MAPPING: Found website http://www.masonsrestaurantbar.co.uk/ for business Live Seafood Ltd
[2025-05-16 02:02:22] INFO    – M1 1 -> EXTRACTION: Business Name: Live Seafood Ltd
[2025-05-16 02:02:22] INFO    – M1 1 -> EXTRACTION: Stars: 4.1
[2025-05-16 02:02:22] INFO    – M1 1 -> EXTRACTION: Reviews: 92
[2025-05-16 02:02:22] INFO    – M1 1 -> EXTRACTION: Address: Ground Floor, Manchester Hall, 36 Bridge St, Manchester M3 3BT
[2025-05-16 02:02:22] INFO    – M1 1 -> EXTRACTION: Website: http://www.masonsrestaurantbar.co.uk/
[2025-05-16 02:02:22] INFO    – M1 1 -> EXTRACTION: Phone: 1613596952
[2025-05-16 02:02:22] INFO    – M1 1 -> BUSINESS-WEBSITE MAPPING: Live Seafood Ltd -> http://www.masonsrestaurantbar.co.uk/
[2025-05-16 02:02:22] INFO    – M1 1 -> BUSINESS DATA SUMMARY: Name='Live Seafood Ltd', Website='http://www.masonsrestaurantbar.co.uk/', Phone='1613596952', Address='Ground Floor, Manchester Hall,...'
[2025-05-16 02:02:22] INFO    – M1 1 -> NOTE: Card name 'Live Seafood Ltd' differs from tile name 'Masons' (expected due to UI lag)
[2025-05-16 02:02:22] INFO    – M1 1 -> Scraped: Live Seafood Ltd (phone: 1613596952, address: Ground Floor, Manchester Hall,..., website: http://www.masonsrestaurantbar...)
[2025-05-16 02:02:22] INFO    – Google Maps scraper found 1 new unique records (total: 21/120)
[2025-05-16 02:02:23] INFO    – M1 1 -> Clicking tile 5/5: One Plus Chinese Restaurant
[2025-05-16 02:02:29] INFO    – WEBSITE-BUSINESS MAPPING: Found website http://www.oneplusrestaurant.co.uk/booking/ for business Masons
[2025-05-16 02:02:30] INFO    – M1 1 -> EXTRACTION: Business Name: Masons
[2025-05-16 02:02:30] INFO    – M1 1 -> EXTRACTION: Stars: 4.5
[2025-05-16 02:02:30] INFO    – M1 1 -> EXTRACTION: Reviews: 300
[2025-05-16 02:02:30] INFO    – M1 1 -> EXTRACTION: Address: Ground Floor, Manchester Hall, 36 Bridge St, Manchester M3 3BT
[2025-05-16 02:02:30] INFO    – M1 1 -> EXTRACTION: Website: http://www.oneplusrestaurant.co.uk/booking/
[2025-05-16 02:02:30] INFO    – M1 1 -> EXTRACTION: Phone: 1612732888
[2025-05-16 02:02:30] INFO    – M1 1 -> BUSINESS-WEBSITE MAPPING: Masons -> http://www.oneplusrestaurant.co.uk/booking/
[2025-05-16 02:02:30] INFO    – M1 1 -> BUSINESS DATA SUMMARY: Name='Masons', Website='http://www.oneplusrestaurant.co.uk/booking/', Phone='1612732888', Address='Ground Floor, Manchester Hall,...'
[2025-05-16 02:02:30] INFO    – M1 1 -> NOTE: Card name 'Masons' differs from tile name 'One Plus Chinese Restaurant' (expected due to UI lag)
[2025-05-16 02:02:30] INFO    – M1 1 -> Scraped: Masons (phone: 1612732888, address: Ground Floor, Manchester Hall,..., website: http://www.oneplusrestaurant.c...)
[2025-05-16 02:02:31] INFO    – M1 1 -> Processed 5 new tiles in this batch
[2025-05-16 02:02:34] INFO    – M1 1 -> scrolled feed (tiles now 63)
[2025-05-16 02:02:34] INFO    – M1 1 -> Total unique businesses processed in this subsector: 47
[2025-05-16 02:02:34] INFO    – M1 1 -> Termination requested during scraping loop
[2025-05-16 02:02:34] WARNING – M1 1 -> Maximum processing time exceeded, marking as incomplete
[2025-05-16 02:02:34] INFO    – M1 1 -> JSON saved -> business_data\manchester_M1 1.json (47 records)
[2025-05-16 02:02:34] INFO    – M1 1 -> CSV saved -> business_data\manchester_M1 1.csv (47 records)
[2025-05-16 02:02:34] INFO    – ==================================================
[2025-05-16 02:02:34] INFO    – PROCESSING SUBSECTOR: M1 5 (2/299)
[2025-05-16 02:02:34] INFO    – ============================================================
[2025-05-16 02:02:34] INFO    – Starting scrape for subsector: M1 5
[2025-05-16 02:02:34] INFO    – ============================================================
[2025-05-16 02:02:49] INFO    – M1 5 -> search query launched: restaurants in M1 5 Manchester
[2025-05-16 02:02:52] INFO    – M1 5 -> Found 5 unprocessed tiles
[2025-05-16 02:02:52] INFO    – M1 5 -> Clicking tile 1/5: Higher Ground
[2025-05-16 02:02:57] INFO    – WEBSITE-BUSINESS MAPPING: Found website http://highergroundmcr.co.uk/ for business Higher Ground
[2025-05-16 02:02:58] INFO    – M1 5 -> EXTRACTION: Business Name: Higher Ground
[2025-05-16 02:02:58] INFO    – M1 5 -> EXTRACTION: Stars: 4.7
[2025-05-16 02:02:58] INFO    – M1 5 -> EXTRACTION: Reviews: 318
[2025-05-16 02:02:58] INFO    – M1 5 -> EXTRACTION: Address: Faulkner House, New York St, Manchester M1 4DY
[2025-05-16 02:02:58] INFO    – M1 5 -> EXTRACTION: Website: http://highergroundmcr.co.uk/
[2025-05-16 02:02:58] INFO    – M1 5 -> EXTRACTION: Phone: 1612362931
[2025-05-16 02:02:58] INFO    – M1 5 -> BUSINESS-WEBSITE MAPPING: Higher Ground -> http://highergroundmcr.co.uk/
[2025-05-16 02:02:58] INFO    – M1 5 -> BUSINESS DATA SUMMARY: Name='Higher Ground', Website='http://highergroundmcr.co.uk/', Phone='1612362931', Address='Faulkner House, New York St, M...'
[2025-05-16 02:02:58] INFO    – M1 5 -> Scraped: Higher Ground (phone: 1612362931, address: Faulkner House, New York St, M..., website: http://highergroundmcr.co.uk/)
[2025-05-16 02:02:59] INFO    – M1 5 -> Clicking tile 2/5: Albert's Shed Restaurant Manchester
[2025-05-16 02:03:04] INFO    – WEBSITE-BUSINESS MAPPING: Found website http://alberts-restaurants.com/shed/ for business Albert's Shed Restaurant Manchester
[2025-05-16 02:03:05] INFO    – M1 5 -> EXTRACTION: Business Name: Albert's Shed Restaurant Manchester
[2025-05-16 02:03:05] INFO    – M1 5 -> EXTRACTION: Stars: 4.4
[2025-05-16 02:03:05] INFO    – M1 5 -> EXTRACTION: Reviews: 1866
[2025-05-16 02:03:05] INFO    – M1 5 -> EXTRACTION: Address: 18-20 Castle St, Manchester M3 4LZ
[2025-05-16 02:03:05] INFO    – M1 5 -> EXTRACTION: Website: http://alberts-restaurants.com/shed/
[2025-05-16 02:03:05] INFO    – M1 5 -> EXTRACTION: Phone: 1618399818
[2025-05-16 02:03:05] INFO    – M1 5 -> BUSINESS-WEBSITE MAPPING: Albert's Shed Restaurant Manchester -> http://alberts-restaurants.com/shed/
[2025-05-16 02:03:05] INFO    – M1 5 -> BUSINESS DATA SUMMARY: Name='Albert's Shed Restaurant Manchester', Website='http://alberts-restaurants.com/shed/', Phone='1618399818', Address='18-20 Castle St, Manchester M3...'
[2025-05-16 02:03:05] INFO    – M1 5 -> Scraped: Albert's Shed Restaurant Manchester (phone: 1618399818, address: 18-20 Castle St, Manchester M3..., website: http://alberts-restaurants.com...)
[2025-05-16 02:03:06] INFO    – M1 5 -> Clicking tile 3/5: WOOD Manchester by Simon Wood
[2025-05-16 02:03:09] INFO    – M1 5 -> Clicking tile 4/5: Italiana Fifty Five Great Northern
[2025-05-16 02:03:16] INFO    – WEBSITE-BUSINESS MAPPING: Found website https://italianafiftyfive.co.uk/ for business Italiana Fifty Five Great Northern
[2025-05-16 02:03:17] INFO    – M1 5 -> EXTRACTION: Business Name: Italiana Fifty Five Great Northern
[2025-05-16 02:03:17] INFO    – M1 5 -> EXTRACTION: Stars: 4.5
[2025-05-16 02:03:17] INFO    – M1 5 -> EXTRACTION: Reviews: 1570
[2025-05-16 02:03:17] INFO    – M1 5 -> EXTRACTION: Address: Unit 4, Great Northern Warehouse, Manchester M3 4EN
[2025-05-16 02:03:17] INFO    – M1 5 -> EXTRACTION: Website: https://italianafiftyfive.co.uk/
[2025-05-16 02:03:17] INFO    – M1 5 -> EXTRACTION: Phone: 1612431532
[2025-05-16 02:03:17] INFO    – M1 5 -> BUSINESS-WEBSITE MAPPING: Italiana Fifty Five Great Northern -> https://italianafiftyfive.co.uk/
[2025-05-16 02:03:17] INFO    – M1 5 -> BUSINESS DATA SUMMARY: Name='Italiana Fifty Five Great Northern', Website='https://italianafiftyfive.co.uk/', Phone='1612431532', Address='Unit 4, Great Northern Warehou...'
[2025-05-16 02:03:17] INFO    – M1 5 -> Scraped: Italiana Fifty Five Great Northern (phone: 1612431532, address: Unit 4, Great Northern Warehou..., website: https://italianafiftyfive.co.u...)
[2025-05-16 02:03:18] INFO    – Google Maps scraper found 1 new unique records (total: 22/120)
[2025-05-16 02:03:18] INFO    – M1 5 -> Clicking tile 5/5: Indian Tiffin Room
[2025-05-16 02:03:21] INFO    – M1 5 -> Processed 3 new tiles in this batch
[2025-05-16 02:03:25] INFO    – M1 5 -> scrolled feed (tiles now 10)
[2025-05-16 02:03:25] INFO    – M1 5 -> Total unique businesses processed in this subsector: 3
[2025-05-16 02:03:26] INFO    – M1 5 -> Found 5 unprocessed tiles
[2025-05-16 02:03:26] INFO    – M1 5 -> Clicking tile 1/5: Turtle Bay Manchester Oxford Rd
