[2025-05-15 15:25:14] INFO    – Logging to file: logs\googlemaps_scraper\gmaps_scraper_20250515_152514.log
[2025-05-15 15:25:14] INFO    – ================================================================================
[2025-05-15 15:25:14] INFO    – Starting Google Maps scraper from API
[2025-05-15 15:25:14] INFO    – Log file: C:\Users\Roshaan Ali Mehar\Desktop\finabs\finabs\logs\googlemaps_scraper\gmaps_scraper_api_20250515_152514.log
[2025-05-15 15:25:14] INFO    – Parameters: db=Manchester, queue=restaurants_subsector_queue, business=restaurants, headless=False
[2025-05-15 15:25:14] INFO    – ================================================================================
[2025-05-15 15:25:14] INFO    – Connected to MongoDB successfully
[2025-05-15 15:25:14] INFO    – Created queue index
[2025-05-15 15:25:14] INFO    – Created indexes
[2025-05-15 15:25:17] INFO    – Chrome driver initialized successfully
[2025-05-15 15:25:17] INFO    – Processing all unprocessed subsectors
[2025-05-15 15:25:17] INFO    – Total subsectors to process: 288
[2025-05-15 15:25:18] INFO    – ==================================================
[2025-05-15 15:25:18] INFO    – PROCESSING SUBSECTOR: M13 9 (1/288)
[2025-05-15 15:25:18] INFO    – ============================================================
[2025-05-15 15:25:18] INFO    – Starting scrape for subsector: M13 9
[2025-05-15 15:25:18] INFO    – ============================================================
[2025-05-15 15:25:22] INFO    – M13 9 -> search query launched: restaurants in M13 9 Manchester
[2025-05-15 15:25:26] INFO    – M13 9 -> Found 5 unprocessed tiles
[2025-05-15 15:25:26] INFO    – M13 9 -> Clicking tile 1/5: Las Iguanas - Manchester - Deansgate
[2025-05-15 15:25:34] INFO    – M13 9 -> EXTRACTION: Business Name: Las Iguanas - Manchester - Deansgate
[2025-05-15 15:25:34] INFO    – M13 9 -> EXTRACTION: Stars: 4.3
[2025-05-15 15:25:34] INFO    – M13 9 -> EXTRACTION: Reviews: 2333
[2025-05-15 15:25:34] INFO    – M13 9 -> EXTRACTION: Address: 84 Deansgate, Manchester M3 2ER
[2025-05-15 15:25:34] INFO    – M13 9 -> EXTRACTION: Website: https://www.iguanas.co.uk/restaurants/manchester-deansgate/?utm_source=google&utm_medium=organic&utm_campaign=google_lpm_lasiguanas_manchester_deansgate
[2025-05-15 15:25:34] INFO    – M13 9 -> EXTRACTION: Phone: 1615492175
[2025-05-15 15:25:34] INFO    – M13 9 -> BUSINESS-WEBSITE MAPPING: Las Iguanas - Manchester - Deansgate -> https://www.iguanas.co.uk/restaurants/manchester-deansgate/?utm_source=google&utm_medium=organic&utm_campaign=google_lpm_lasiguanas_manchester_deansgate
[2025-05-15 15:25:34] INFO    – M13 9 -> Scraped: Las Iguanas - Manchester - Deansgate (phone: 1615492175, address: 84 Deansgate, Manchester M3 2E..., website: https://www.iguanas.co.uk/rest...)
[2025-05-15 15:25:34] INFO    – Google Maps scraper found 1 new unique records (total: 1/5)
[2025-05-15 15:25:35] INFO    – M13 9 -> Clicking tile 2/5: TGI Fridays - Trafford Centre
[2025-05-15 15:25:38] INFO    – M13 9 -> Clicking tile 3/5: Safire Restaurant & Grill
[2025-05-15 15:25:47] INFO    – M13 9 -> EXTRACTION: Business Name: TGI Fridays - Trafford Centre
[2025-05-15 15:25:47] INFO    – M13 9 -> EXTRACTION: Stars: 3.6
[2025-05-15 15:25:47] INFO    – M13 9 -> EXTRACTION: Reviews: 1808
[2025-05-15 15:25:47] INFO    – M13 9 -> EXTRACTION: Address: The Great Hall, The Trafford Centre, Trafford Park, Stretford, Manchester M17 8AA
[2025-05-15 15:25:47] INFO    – M13 9 -> EXTRACTION: Website: https://www.tgifridays.co.uk/locations/manchester-trafford-centre/?utm_source=localGMB&utm_medium=organic&utm_campaign=671
[2025-05-15 15:25:47] INFO    – M13 9 -> EXTRACTION: Phone: 3301759275
[2025-05-15 15:25:47] INFO    – M13 9 -> BUSINESS-WEBSITE MAPPING: TGI Fridays - Trafford Centre -> https://www.tgifridays.co.uk/locations/manchester-trafford-centre/?utm_source=localGMB&utm_medium=organic&utm_campaign=671
[2025-05-15 15:25:47] INFO    – M13 9 -> Scraped: TGI Fridays - Trafford Centre (phone: 3301759275, address: The Great Hall, The Trafford C..., website: https://www.tgifridays.co.uk/l...)
[2025-05-15 15:25:47] INFO    – Google Maps scraper found 1 new unique records (total: 2/5)
[2025-05-15 15:25:47] INFO    – M13 9 -> Clicking tile 4/5: Seoul Kimchi
[2025-05-15 15:25:50] INFO    – M13 9 -> Clicking tile 5/5: Navarro Lounge
[2025-05-15 15:25:51] INFO    – M13 9 -> Processed 2 new tiles in this batch
[2025-05-15 15:25:54] INFO    – M13 9 -> Scroll was not successful (attempt 1/6)
[2025-05-15 15:25:54] INFO    – M13 9 -> Total unique businesses processed in this subsector: 2
[2025-05-15 15:25:55] INFO    – M13 9 -> Found 0 unprocessed tiles
[2025-05-15 15:25:55] INFO    – M13 9 -> No new tiles to process, scrolling to find more
[2025-05-15 15:25:57] INFO    – M13 9 -> Scroll was not successful (attempt 2/6)
[2025-05-15 15:25:58] INFO    – M13 9 -> Found 0 unprocessed tiles
[2025-05-15 15:25:58] INFO    – M13 9 -> No new tiles to process, scrolling to find more
[2025-05-15 15:26:01] INFO    – M13 9 -> Scroll was not successful (attempt 3/6)
[2025-05-15 15:26:01] INFO    – M13 9 -> Found 0 unprocessed tiles
[2025-05-15 15:26:01] INFO    – M13 9 -> No new tiles to process, scrolling to find more
[2025-05-15 15:26:04] INFO    – M13 9 -> Scroll was not successful (attempt 4/6)
[2025-05-15 15:26:05] INFO    – M13 9 -> Found 0 unprocessed tiles
[2025-05-15 15:26:05] INFO    – M13 9 -> No new tiles to process, scrolling to find more
[2025-05-15 15:26:07] INFO    – M13 9 -> Scroll was not successful (attempt 5/6)
[2025-05-15 15:26:08] INFO    – M13 9 -> Found 0 unprocessed tiles
[2025-05-15 15:26:08] INFO    – M13 9 -> No new tiles to process, scrolling to find more
[2025-05-15 15:26:10] INFO    – M13 9 -> Scroll was not successful (attempt 6/6)
[2025-05-15 15:26:10] INFO    – ============================================================
[2025-05-15 15:26:10] INFO    – M13 9 -> Scraping completed in 0:00:52.620720
[2025-05-15 15:26:10] INFO    – M13 9 -> Total cards scraped: 2 (unique businesses: 2)
[2025-05-15 15:26:10] INFO    – ============================================================
[2025-05-15 15:26:10] INFO    – M13 9 -> JSON saved -> business_data\manchester_M13 9.json (2 records)
[2025-05-15 15:26:10] INFO    – M13 9 -> CSV saved -> business_data\manchester_M13 9.csv (2 records)
[2025-05-15 15:26:10] INFO    – M13 9 -> total records: 2 (with phone: 2)
[2025-05-15 15:26:10] INFO    – M13 9 -> done in 0:00:52.842621 • processed=1/288 (0.3%)
[2025-05-15 15:26:10] INFO    – ==================================================
[2025-05-15 15:26:15] INFO    – ==================================================
[2025-05-15 15:26:15] INFO    – PROCESSING SUBSECTOR: M14 7 (2/288)
[2025-05-15 15:26:15] INFO    – ============================================================
[2025-05-15 15:26:15] INFO    – Starting scrape for subsector: M14 7
[2025-05-15 15:26:15] INFO    – ============================================================
[2025-05-15 15:26:31] INFO    – M14 7 -> search query launched: restaurants in M14 7 Manchester
[2025-05-15 15:26:51] ERROR   – M14 7 -> No results found
[2025-05-15 15:26:51] WARNING – M14 7 -> attempt 1/3 returned no results
[2025-05-15 15:26:51] INFO    – ============================================================
[2025-05-15 15:26:51] INFO    – Starting scrape for subsector: M14 7
[2025-05-15 15:26:51] INFO    – ============================================================
[2025-05-15 15:27:06] INFO    – M14 7 -> search query launched: restaurants in M14 7 Manchester
[2025-05-15 15:27:27] ERROR   – M14 7 -> No results found
[2025-05-15 15:27:27] WARNING – M14 7 -> attempt 2/3 returned no results
[2025-05-15 15:27:27] INFO    – ============================================================
[2025-05-15 15:27:27] INFO    – Starting scrape for subsector: M14 7
[2025-05-15 15:27:27] INFO    – ============================================================
[2025-05-15 15:27:42] INFO    – M14 7 -> search query launched: restaurants in M14 7 Manchester
[2025-05-15 15:28:02] ERROR   – M14 7 -> No results found
[2025-05-15 15:28:02] WARNING – M14 7 -> attempt 3/3 returned no results
[2025-05-15 15:28:02] WARNING – M14 7 -> skipped after failed attempts
[2025-05-15 15:28:02] INFO    – ==================================================
[2025-05-15 15:28:02] INFO    – PROCESSING SUBSECTOR: M14 7 (2/288)
[2025-05-15 15:28:02] INFO    – ============================================================
[2025-05-15 15:28:02] INFO    – Starting scrape for subsector: M14 7
[2025-05-15 15:28:02] INFO    – ============================================================
[2025-05-15 15:28:18] INFO    – M14 7 -> search query launched: restaurants in M14 7 Manchester
[2025-05-15 15:28:38] ERROR   – M14 7 -> No results found
[2025-05-15 15:28:38] WARNING – M14 7 -> attempt 1/3 returned no results
[2025-05-15 15:28:38] INFO    – ============================================================
[2025-05-15 15:28:38] INFO    – Starting scrape for subsector: M14 7
[2025-05-15 15:28:38] INFO    – ============================================================
[2025-05-15 15:28:54] INFO    – M14 7 -> search query launched: restaurants in M14 7 Manchester
[2025-05-15 15:28:58] INFO    – M14 7 -> Found 5 unprocessed tiles
[2025-05-15 15:28:58] INFO    – M14 7 -> Clicking tile 1/5: The Deansgate
[2025-05-15 15:29:04] INFO    – M14 7 -> EXTRACTION: Business Name: The Deansgate
[2025-05-15 15:29:04] INFO    – M14 7 -> EXTRACTION: Stars: 4.3
[2025-05-15 15:29:04] INFO    – M14 7 -> EXTRACTION: Reviews: 1475
[2025-05-15 15:29:04] INFO    – M14 7 -> EXTRACTION: Address: 321 Deansgate, Manchester M3 4LQ
[2025-05-15 15:29:04] INFO    – M14 7 -> EXTRACTION: Website: https://www.greeneking.co.uk/pubs/greater-manchester/deansgate?utm_source=g_places&utm_medium=locations&utm_campaign=UC_pubpage
[2025-05-15 15:29:04] INFO    – M14 7 -> EXTRACTION: Phone: 1613888956
[2025-05-15 15:29:04] INFO    – M14 7 -> BUSINESS-WEBSITE MAPPING: The Deansgate -> https://www.greeneking.co.uk/pubs/greater-manchester/deansgate?utm_source=g_places&utm_medium=locations&utm_campaign=UC_pubpage
[2025-05-15 15:29:04] INFO    – M14 7 -> Scraped: The Deansgate (phone: 1613888956, address: 321 Deansgate, Manchester M3 4..., website: https://www.greeneking.co.uk/p...)
[2025-05-15 15:29:04] INFO    – Google Maps scraper found 1 new unique records (total: 3/5)
[2025-05-15 15:29:05] INFO    – M14 7 -> Clicking tile 2/5: MyLahore Manchester
[2025-05-15 15:29:12] INFO    – M14 7 -> EXTRACTION: Business Name: MyLahore Manchester
[2025-05-15 15:29:12] INFO    – M14 7 -> EXTRACTION: Stars: 4.6
[2025-05-15 15:29:12] INFO    – M14 7 -> EXTRACTION: Reviews: 13332
[2025-05-15 15:29:12] INFO    – M14 7 -> EXTRACTION: Address: 14-18 Wilmslow Rd, Manchester M14 5TQ
[2025-05-15 15:29:12] INFO    – M14 7 -> EXTRACTION: Website: http://www.mylahore.co.uk/
[2025-05-15 15:29:12] INFO    – M14 7 -> EXTRACTION: Phone: 1612488887
[2025-05-15 15:29:12] INFO    – M14 7 -> BUSINESS-WEBSITE MAPPING: MyLahore Manchester -> http://www.mylahore.co.uk/
[2025-05-15 15:29:12] INFO    – M14 7 -> Scraped: MyLahore Manchester (phone: 1612488887, address: 14-18 Wilmslow Rd, Manchester ..., website: http://www.mylahore.co.uk/)
[2025-05-15 15:29:12] INFO    – Google Maps scraper found 1 new unique records (total: 4/5)
[2025-05-15 15:29:13] INFO    – M14 7 -> Clicking tile 3/5: Jafra Restaurant مطعم جفرا
[2025-05-15 15:29:19] INFO    – M14 7 -> EXTRACTION: Business Name: Jafra Restaurant مطعم جفرا
[2025-05-15 15:29:19] INFO    – M14 7 -> EXTRACTION: Stars: 4.8
[2025-05-15 15:29:19] INFO    – M14 7 -> EXTRACTION: Reviews: 5842
[2025-05-15 15:29:19] INFO    – M14 7 -> EXTRACTION: Address: 34-36 Wilmslow Rd, Manchester M14 5TQ
[2025-05-15 15:29:19] INFO    – M14 7 -> EXTRACTION: Website: N/A
[2025-05-15 15:29:19] INFO    – M14 7 -> EXTRACTION: Phone: 1619715602
[2025-05-15 15:29:19] INFO    – M14 7 -> BUSINESS-WEBSITE MAPPING: Jafra Restaurant مطعم جفرا -> N/A
[2025-05-15 15:29:19] INFO    – M14 7 -> Scraped: Jafra Restaurant مطعم جفرا (phone: 1619715602, address: 34-36 Wilmslow Rd, Manchester ..., website: N/A)
[2025-05-15 15:29:19] INFO    – Google Maps scraper found 1 new unique records (total: 5/5)
[2025-05-15 15:29:19] INFO    – Reached 5 unique records with phone numbers (5), stopping Google Maps scraper
[2025-05-15 15:29:19] INFO    – M14 7 -> Termination requested after record insertion
[2025-05-15 15:29:19] INFO    – M14 7 -> skipped due to termination request
[2025-05-15 15:29:19] INFO    – Google Maps scraper terminated by user request
[2025-05-15 15:29:22] INFO    – Chrome driver closed
[2025-05-15 15:29:22] INFO    – MongoDB connection closed
[2025-05-15 15:29:22] INFO    – Starting email scraper for Manchester.restaurants
[2025-05-15 15:29:22] INFO    – Google Maps scraper finished with success=False, unique_records=5
