2025-05-16 02:12:44,765 - googlemaps_scraper - INFO - ================================================================================
2025-05-16 02:12:44,767 - googlemaps_scraper - INFO - Starting Google Maps scraper from API
2025-05-16 02:12:44,768 - googlemaps_scraper - INFO - Log file: C:\Users\Roshaan Ali Mehar\Desktop\finabs\finabs\logs\googlemaps_scraper\gmaps_scraper_api_20250516_021244.log
2025-05-16 02:12:44,769 - googlemaps_scraper - INFO - Parameters: db=Manchester, queue=restaurants_subsector_queue, business=restaurants, headless=False
2025-05-16 02:12:44,770 - googlemaps_scraper - INFO - ================================================================================
2025-05-16 02:12:49,198 - googlemaps_scraper - INFO - Connected to MongoDB successfully
2025-05-16 02:12:49,230 - googlemaps_scraper - INFO - Created queue index
2025-05-16 02:12:49,312 - googlemaps_scraper - INFO - Created indexes
2025-05-16 02:12:51,083 - googlemaps_scraper - INFO - Chrome driver initialized successfully
2025-05-16 02:12:51,086 - googlemaps_scraper - INFO - Processing all unprocessed subsectors
2025-05-16 02:12:51,110 - googlemaps_scraper - INFO - Total subsectors to process: 298
2025-05-16 02:12:51,164 - googlemaps_scraper - INFO - ==================================================
2025-05-16 02:12:51,166 - googlemaps_scraper - INFO - PROCESSING SUBSECTOR: M10 6 (1/298)
2025-05-16 02:12:51,207 - googlemaps_scraper - INFO - ============================================================
2025-05-16 02:12:51,210 - googlemaps_scraper - INFO - Starting scrape for subsector: M10 6
2025-05-16 02:12:51,212 - googlemaps_scraper - INFO - ============================================================
2025-05-16 02:12:55,127 - googlemaps_scraper - INFO - M10 6 -> search query launched: restaurants in M10 6 Manchester
2025-05-16 02:12:57,482 - googlemaps_scraper - INFO - M10 6 -> Found 5 unprocessed tiles
2025-05-16 02:12:57,484 - googlemaps_scraper - ERROR - M10 6 -> attempt 1/3 failed: cannot access local variable 'scroll_successful' where it is not associated with a value
2025-05-16 02:12:57,487 - googlemaps_scraper - ERROR - Traceback: Traceback (most recent call last):
  File "C:\Users\Roshaan Ali Mehar\Desktop\finabs\finabs\googlemaps_scraper\main.py", line 176, in process_subsectors
    rows, card_count = scrape_subsector(
                       ~~~~~~~~~~~~~~~~^
        doc, driver, rest_col, SERVICE, args.db_name,
        ^^^^^^^^^^^^^^^^^^^^^^^^^^^^^^^^^^^^^^^^^^^^^
        debug=args.debug, fast_mode=args.fast,
        ^^^^^^^^^^^^^^^^^^^^^^^^^^^^^^^^^^^^^^
        termination_check=combined_check
        ^^^^^^^^^^^^^^^^^^^^^^^^^^^^^^^^
    )
    ^
  File "C:\Users\Roshaan Ali Mehar\Desktop\finabs\finabs\googlemaps_scraper\scraping\scraper.py", line 785, in scrape_subsector
    if not scroll_successful:
           ^^^^^^^^^^^^^^^^^
UnboundLocalError: cannot access local variable 'scroll_successful' where it is not associated with a value

2025-05-16 02:13:00,535 - googlemaps_scraper - INFO - ============================================================
2025-05-16 02:13:00,541 - googlemaps_scraper - INFO - Starting scrape for subsector: M10 6
2025-05-16 02:13:00,542 - googlemaps_scraper - INFO - ============================================================
2025-05-16 02:13:15,513 - googlemaps_scraper - INFO - M10 6 -> search query launched: restaurants in M10 6 Manchester
2025-05-16 02:13:19,396 - googlemaps_scraper - INFO - M10 6 -> Found 5 unprocessed tiles
2025-05-16 02:13:19,397 - googlemaps_scraper - ERROR - M10 6 -> attempt 2/3 failed: cannot access local variable 'scroll_successful' where it is not associated with a value
2025-05-16 02:13:19,398 - googlemaps_scraper - ERROR - Traceback: Traceback (most recent call last):
  File "C:\Users\Roshaan Ali Mehar\Desktop\finabs\finabs\googlemaps_scraper\main.py", line 176, in process_subsectors
    rows, card_count = scrape_subsector(
                       ~~~~~~~~~~~~~~~~^
        doc, driver, rest_col, SERVICE, args.db_name,
        ^^^^^^^^^^^^^^^^^^^^^^^^^^^^^^^^^^^^^^^^^^^^^
        debug=args.debug, fast_mode=args.fast,
        ^^^^^^^^^^^^^^^^^^^^^^^^^^^^^^^^^^^^^^
        termination_check=combined_check
        ^^^^^^^^^^^^^^^^^^^^^^^^^^^^^^^^
    )
    ^
  File "C:\Users\Roshaan Ali Mehar\Desktop\finabs\finabs\googlemaps_scraper\scraping\scraper.py", line 785, in scrape_subsector
    if not scroll_successful:
           ^^^^^^^^^^^^^^^^^
UnboundLocalError: cannot access local variable 'scroll_successful' where it is not associated with a value

2025-05-16 02:13:22,430 - googlemaps_scraper - INFO - ============================================================
2025-05-16 02:13:22,431 - googlemaps_scraper - INFO - Starting scrape for subsector: M10 6
2025-05-16 02:13:22,431 - googlemaps_scraper - INFO - ============================================================
2025-05-16 02:13:36,635 - googlemaps_scraper - INFO - M10 6 -> search query launched: restaurants in M10 6 Manchester
2025-05-16 02:13:39,350 - googlemaps_scraper - INFO - M10 6 -> Found 5 unprocessed tiles
2025-05-16 02:13:39,351 - googlemaps_scraper - ERROR - M10 6 -> attempt 3/3 failed: cannot access local variable 'scroll_successful' where it is not associated with a value
2025-05-16 02:13:39,352 - googlemaps_scraper - ERROR - Traceback: Traceback (most recent call last):
  File "C:\Users\Roshaan Ali Mehar\Desktop\finabs\finabs\googlemaps_scraper\main.py", line 176, in process_subsectors
    rows, card_count = scrape_subsector(
                       ~~~~~~~~~~~~~~~~^
        doc, driver, rest_col, SERVICE, args.db_name,
        ^^^^^^^^^^^^^^^^^^^^^^^^^^^^^^^^^^^^^^^^^^^^^
        debug=args.debug, fast_mode=args.fast,
        ^^^^^^^^^^^^^^^^^^^^^^^^^^^^^^^^^^^^^^
        termination_check=combined_check
        ^^^^^^^^^^^^^^^^^^^^^^^^^^^^^^^^
    )
    ^
  File "C:\Users\Roshaan Ali Mehar\Desktop\finabs\finabs\googlemaps_scraper\scraping\scraper.py", line 785, in scrape_subsector
    if not scroll_successful:
           ^^^^^^^^^^^^^^^^^
UnboundLocalError: cannot access local variable 'scroll_successful' where it is not associated with a value

2025-05-16 02:13:42,406 - googlemaps_scraper - WARNING - M10 6 -> skipped after failed attempts
2025-05-16 02:13:42,433 - googlemaps_scraper - INFO - ==================================================
2025-05-16 02:13:42,434 - googlemaps_scraper - INFO - PROCESSING SUBSECTOR: M10 6 (1/298)
2025-05-16 02:13:42,447 - googlemaps_scraper - INFO - ============================================================
2025-05-16 02:13:42,447 - googlemaps_scraper - INFO - Starting scrape for subsector: M10 6
2025-05-16 02:13:42,447 - googlemaps_scraper - INFO - ============================================================
2025-05-16 02:13:57,125 - googlemaps_scraper - INFO - M10 6 -> search query launched: restaurants in M10 6 Manchester
2025-05-16 02:14:00,932 - googlemaps_scraper - INFO - M10 6 -> Found 5 unprocessed tiles
2025-05-16 02:14:00,933 - googlemaps_scraper - ERROR - M10 6 -> attempt 1/3 failed: cannot access local variable 'scroll_successful' where it is not associated with a value
2025-05-16 02:14:00,935 - googlemaps_scraper - ERROR - Traceback: Traceback (most recent call last):
  File "C:\Users\Roshaan Ali Mehar\Desktop\finabs\finabs\googlemaps_scraper\main.py", line 176, in process_subsectors
    rows, card_count = scrape_subsector(
                       ~~~~~~~~~~~~~~~~^
        doc, driver, rest_col, SERVICE, args.db_name,
        ^^^^^^^^^^^^^^^^^^^^^^^^^^^^^^^^^^^^^^^^^^^^^
        debug=args.debug, fast_mode=args.fast,
        ^^^^^^^^^^^^^^^^^^^^^^^^^^^^^^^^^^^^^^
        termination_check=combined_check
        ^^^^^^^^^^^^^^^^^^^^^^^^^^^^^^^^
    )
    ^
  File "C:\Users\Roshaan Ali Mehar\Desktop\finabs\finabs\googlemaps_scraper\scraping\scraper.py", line 785, in scrape_subsector
    if not scroll_successful:
           ^^^^^^^^^^^^^^^^^
UnboundLocalError: cannot access local variable 'scroll_successful' where it is not associated with a value

2025-05-16 02:14:03,988 - googlemaps_scraper - INFO - ============================================================
2025-05-16 02:14:03,990 - googlemaps_scraper - INFO - Starting scrape for subsector: M10 6
2025-05-16 02:14:03,992 - googlemaps_scraper - INFO - ============================================================
2025-05-16 02:14:18,441 - googlemaps_scraper - INFO - M10 6 -> search query launched: restaurants in M10 6 Manchester
2025-05-16 02:14:21,990 - googlemaps_scraper - INFO - M10 6 -> Found 5 unprocessed tiles
2025-05-16 02:14:21,991 - googlemaps_scraper - ERROR - M10 6 -> attempt 2/3 failed: cannot access local variable 'scroll_successful' where it is not associated with a value
2025-05-16 02:14:21,992 - googlemaps_scraper - ERROR - Traceback: Traceback (most recent call last):
  File "C:\Users\Roshaan Ali Mehar\Desktop\finabs\finabs\googlemaps_scraper\main.py", line 176, in process_subsectors
    rows, card_count = scrape_subsector(
                       ~~~~~~~~~~~~~~~~^
        doc, driver, rest_col, SERVICE, args.db_name,
        ^^^^^^^^^^^^^^^^^^^^^^^^^^^^^^^^^^^^^^^^^^^^^
        debug=args.debug, fast_mode=args.fast,
        ^^^^^^^^^^^^^^^^^^^^^^^^^^^^^^^^^^^^^^
        termination_check=combined_check
        ^^^^^^^^^^^^^^^^^^^^^^^^^^^^^^^^
    )
    ^
  File "C:\Users\Roshaan Ali Mehar\Desktop\finabs\finabs\googlemaps_scraper\scraping\scraper.py", line 785, in scrape_subsector
    if not scroll_successful:
           ^^^^^^^^^^^^^^^^^
UnboundLocalError: cannot access local variable 'scroll_successful' where it is not associated with a value

2025-05-16 02:14:25,027 - googlemaps_scraper - INFO - ============================================================
2025-05-16 02:14:25,028 - googlemaps_scraper - INFO - Starting scrape for subsector: M10 6
2025-05-16 02:14:25,028 - googlemaps_scraper - INFO - ============================================================
2025-05-16 02:14:40,819 - googlemaps_scraper - INFO - M10 6 -> search query launched: restaurants in M10 6 Manchester
2025-05-16 02:14:51,461 - googlemaps_scraper - INFO - M10 6 -> Found 5 unprocessed tiles
2025-05-16 02:14:51,461 - googlemaps_scraper - ERROR - M10 6 -> attempt 3/3 failed: cannot access local variable 'scroll_successful' where it is not associated with a value
2025-05-16 02:14:51,462 - googlemaps_scraper - ERROR - Traceback: Traceback (most recent call last):
  File "C:\Users\Roshaan Ali Mehar\Desktop\finabs\finabs\googlemaps_scraper\main.py", line 176, in process_subsectors
    rows, card_count = scrape_subsector(
                       ~~~~~~~~~~~~~~~~^
        doc, driver, rest_col, SERVICE, args.db_name,
        ^^^^^^^^^^^^^^^^^^^^^^^^^^^^^^^^^^^^^^^^^^^^^
        debug=args.debug, fast_mode=args.fast,
        ^^^^^^^^^^^^^^^^^^^^^^^^^^^^^^^^^^^^^^
        termination_check=combined_check
        ^^^^^^^^^^^^^^^^^^^^^^^^^^^^^^^^
    )
    ^
  File "C:\Users\Roshaan Ali Mehar\Desktop\finabs\finabs\googlemaps_scraper\scraping\scraper.py", line 785, in scrape_subsector
    if not scroll_successful:
           ^^^^^^^^^^^^^^^^^
UnboundLocalError: cannot access local variable 'scroll_successful' where it is not associated with a value

2025-05-16 02:14:54,519 - googlemaps_scraper - WARNING - M10 6 -> skipped after failed attempts
2025-05-16 02:14:54,546 - googlemaps_scraper - INFO - ==================================================
2025-05-16 02:14:54,547 - googlemaps_scraper - INFO - PROCESSING SUBSECTOR: M10 6 (1/298)
2025-05-16 02:14:54,613 - googlemaps_scraper - INFO - ============================================================
2025-05-16 02:14:54,627 - googlemaps_scraper - INFO - Starting scrape for subsector: M10 6
2025-05-16 02:14:54,634 - googlemaps_scraper - INFO - ============================================================
2025-05-16 02:15:12,245 - googlemaps_scraper - INFO - M10 6 -> search query launched: restaurants in M10 6 Manchester
2025-05-16 02:15:24,094 - googlemaps_scraper - INFO - M10 6 -> Found 5 unprocessed tiles
2025-05-16 02:15:24,094 - googlemaps_scraper - ERROR - M10 6 -> attempt 1/3 failed: cannot access local variable 'scroll_successful' where it is not associated with a value
2025-05-16 02:15:24,096 - googlemaps_scraper - ERROR - Traceback: Traceback (most recent call last):
  File "C:\Users\Roshaan Ali Mehar\Desktop\finabs\finabs\googlemaps_scraper\main.py", line 176, in process_subsectors
    rows, card_count = scrape_subsector(
                       ~~~~~~~~~~~~~~~~^
        doc, driver, rest_col, SERVICE, args.db_name,
        ^^^^^^^^^^^^^^^^^^^^^^^^^^^^^^^^^^^^^^^^^^^^^
        debug=args.debug, fast_mode=args.fast,
        ^^^^^^^^^^^^^^^^^^^^^^^^^^^^^^^^^^^^^^
        termination_check=combined_check
        ^^^^^^^^^^^^^^^^^^^^^^^^^^^^^^^^
    )
    ^
  File "C:\Users\Roshaan Ali Mehar\Desktop\finabs\finabs\googlemaps_scraper\scraping\scraper.py", line 785, in scrape_subsector
    if not scroll_successful:
           ^^^^^^^^^^^^^^^^^
UnboundLocalError: cannot access local variable 'scroll_successful' where it is not associated with a value

2025-05-16 02:15:27,136 - googlemaps_scraper - INFO - ============================================================
2025-05-16 02:15:27,139 - googlemaps_scraper - INFO - Starting scrape for subsector: M10 6
2025-05-16 02:15:27,140 - googlemaps_scraper - INFO - ============================================================
2025-05-16 02:15:43,063 - googlemaps_scraper - INFO - M10 6 -> search query launched: restaurants in M10 6 Manchester
2025-05-16 02:15:46,515 - googlemaps_scraper - INFO - M10 6 -> Found 5 unprocessed tiles
2025-05-16 02:15:46,515 - googlemaps_scraper - ERROR - M10 6 -> attempt 2/3 failed: cannot access local variable 'scroll_successful' where it is not associated with a value
2025-05-16 02:15:46,517 - googlemaps_scraper - ERROR - Traceback: Traceback (most recent call last):
  File "C:\Users\Roshaan Ali Mehar\Desktop\finabs\finabs\googlemaps_scraper\main.py", line 176, in process_subsectors
    rows, card_count = scrape_subsector(
                       ~~~~~~~~~~~~~~~~^
        doc, driver, rest_col, SERVICE, args.db_name,
        ^^^^^^^^^^^^^^^^^^^^^^^^^^^^^^^^^^^^^^^^^^^^^
        debug=args.debug, fast_mode=args.fast,
        ^^^^^^^^^^^^^^^^^^^^^^^^^^^^^^^^^^^^^^
        termination_check=combined_check
        ^^^^^^^^^^^^^^^^^^^^^^^^^^^^^^^^
    )
    ^
  File "C:\Users\Roshaan Ali Mehar\Desktop\finabs\finabs\googlemaps_scraper\scraping\scraper.py", line 785, in scrape_subsector
    if not scroll_successful:
           ^^^^^^^^^^^^^^^^^
UnboundLocalError: cannot access local variable 'scroll_successful' where it is not associated with a value

2025-05-16 02:15:49,543 - googlemaps_scraper - INFO - ============================================================
2025-05-16 02:15:49,544 - googlemaps_scraper - INFO - Starting scrape for subsector: M10 6
2025-05-16 02:15:49,545 - googlemaps_scraper - INFO - ============================================================
2025-05-16 02:16:04,133 - googlemaps_scraper - INFO - M10 6 -> search query launched: restaurants in M10 6 Manchester
2025-05-16 02:16:07,939 - googlemaps_scraper - INFO - M10 6 -> Found 5 unprocessed tiles
2025-05-16 02:16:07,939 - googlemaps_scraper - ERROR - M10 6 -> attempt 3/3 failed: cannot access local variable 'scroll_successful' where it is not associated with a value
2025-05-16 02:16:07,941 - googlemaps_scraper - ERROR - Traceback: Traceback (most recent call last):
  File "C:\Users\Roshaan Ali Mehar\Desktop\finabs\finabs\googlemaps_scraper\main.py", line 176, in process_subsectors
    rows, card_count = scrape_subsector(
                       ~~~~~~~~~~~~~~~~^
        doc, driver, rest_col, SERVICE, args.db_name,
        ^^^^^^^^^^^^^^^^^^^^^^^^^^^^^^^^^^^^^^^^^^^^^
        debug=args.debug, fast_mode=args.fast,
        ^^^^^^^^^^^^^^^^^^^^^^^^^^^^^^^^^^^^^^
        termination_check=combined_check
        ^^^^^^^^^^^^^^^^^^^^^^^^^^^^^^^^
    )
    ^
  File "C:\Users\Roshaan Ali Mehar\Desktop\finabs\finabs\googlemaps_scraper\scraping\scraper.py", line 785, in scrape_subsector
    if not scroll_successful:
           ^^^^^^^^^^^^^^^^^
UnboundLocalError: cannot access local variable 'scroll_successful' where it is not associated with a value

2025-05-16 02:16:10,991 - googlemaps_scraper - WARNING - M10 6 -> skipped after failed attempts
2025-05-16 02:16:11,016 - googlemaps_scraper - INFO - ==================================================
2025-05-16 02:16:11,018 - googlemaps_scraper - INFO - PROCESSING SUBSECTOR: M10 6 (1/298)
2025-05-16 02:16:11,188 - googlemaps_scraper - INFO - ============================================================
2025-05-16 02:16:11,189 - googlemaps_scraper - INFO - Starting scrape for subsector: M10 6
2025-05-16 02:16:11,189 - googlemaps_scraper - INFO - ============================================================
2025-05-16 02:16:37,535 - googlemaps_scraper - INFO - M10 6 -> search query launched: restaurants in M10 6 Manchester
2025-05-16 02:16:41,796 - googlemaps_scraper - INFO - M10 6 -> Found 5 unprocessed tiles
2025-05-16 02:16:41,797 - googlemaps_scraper - ERROR - M10 6 -> attempt 1/3 failed: cannot access local variable 'scroll_successful' where it is not associated with a value
2025-05-16 02:16:41,799 - googlemaps_scraper - ERROR - Traceback: Traceback (most recent call last):
  File "C:\Users\Roshaan Ali Mehar\Desktop\finabs\finabs\googlemaps_scraper\main.py", line 176, in process_subsectors
    rows, card_count = scrape_subsector(
                       ~~~~~~~~~~~~~~~~^
        doc, driver, rest_col, SERVICE, args.db_name,
        ^^^^^^^^^^^^^^^^^^^^^^^^^^^^^^^^^^^^^^^^^^^^^
        debug=args.debug, fast_mode=args.fast,
        ^^^^^^^^^^^^^^^^^^^^^^^^^^^^^^^^^^^^^^
        termination_check=combined_check
        ^^^^^^^^^^^^^^^^^^^^^^^^^^^^^^^^
    )
    ^
  File "C:\Users\Roshaan Ali Mehar\Desktop\finabs\finabs\googlemaps_scraper\scraping\scraper.py", line 785, in scrape_subsector
    if not scroll_successful:
           ^^^^^^^^^^^^^^^^^
UnboundLocalError: cannot access local variable 'scroll_successful' where it is not associated with a value

2025-05-16 02:16:44,835 - googlemaps_scraper - INFO - ============================================================
2025-05-16 02:16:44,835 - googlemaps_scraper - INFO - Starting scrape for subsector: M10 6
2025-05-16 02:16:44,836 - googlemaps_scraper - INFO - ============================================================
2025-05-16 02:16:59,637 - googlemaps_scraper - INFO - M10 6 -> search query launched: restaurants in M10 6 Manchester
2025-05-16 02:17:03,450 - googlemaps_scraper - INFO - M10 6 -> Found 5 unprocessed tiles
2025-05-16 02:17:03,450 - googlemaps_scraper - ERROR - M10 6 -> attempt 2/3 failed: cannot access local variable 'scroll_successful' where it is not associated with a value
2025-05-16 02:17:03,451 - googlemaps_scraper - ERROR - Traceback: Traceback (most recent call last):
  File "C:\Users\Roshaan Ali Mehar\Desktop\finabs\finabs\googlemaps_scraper\main.py", line 176, in process_subsectors
    rows, card_count = scrape_subsector(
                       ~~~~~~~~~~~~~~~~^
        doc, driver, rest_col, SERVICE, args.db_name,
        ^^^^^^^^^^^^^^^^^^^^^^^^^^^^^^^^^^^^^^^^^^^^^
        debug=args.debug, fast_mode=args.fast,
        ^^^^^^^^^^^^^^^^^^^^^^^^^^^^^^^^^^^^^^
        termination_check=combined_check
        ^^^^^^^^^^^^^^^^^^^^^^^^^^^^^^^^
    )
    ^
  File "C:\Users\Roshaan Ali Mehar\Desktop\finabs\finabs\googlemaps_scraper\scraping\scraper.py", line 785, in scrape_subsector
    if not scroll_successful:
           ^^^^^^^^^^^^^^^^^
UnboundLocalError: cannot access local variable 'scroll_successful' where it is not associated with a value

2025-05-16 02:17:06,502 - googlemaps_scraper - INFO - ============================================================
2025-05-16 02:17:06,503 - googlemaps_scraper - INFO - Starting scrape for subsector: M10 6
2025-05-16 02:17:06,503 - googlemaps_scraper - INFO - ============================================================
2025-05-16 02:17:21,164 - googlemaps_scraper - INFO - M10 6 -> search query launched: restaurants in M10 6 Manchester
2025-05-16 02:17:24,407 - googlemaps_scraper - INFO - M10 6 -> Found 5 unprocessed tiles
2025-05-16 02:17:24,408 - googlemaps_scraper - ERROR - M10 6 -> attempt 3/3 failed: cannot access local variable 'scroll_successful' where it is not associated with a value
2025-05-16 02:17:24,487 - googlemaps_scraper - ERROR - Traceback: Traceback (most recent call last):
  File "C:\Users\Roshaan Ali Mehar\Desktop\finabs\finabs\googlemaps_scraper\main.py", line 176, in process_subsectors
    rows, card_count = scrape_subsector(
                       ~~~~~~~~~~~~~~~~^
        doc, driver, rest_col, SERVICE, args.db_name,
        ^^^^^^^^^^^^^^^^^^^^^^^^^^^^^^^^^^^^^^^^^^^^^
        debug=args.debug, fast_mode=args.fast,
        ^^^^^^^^^^^^^^^^^^^^^^^^^^^^^^^^^^^^^^
        termination_check=combined_check
        ^^^^^^^^^^^^^^^^^^^^^^^^^^^^^^^^
    )
    ^
  File "C:\Users\Roshaan Ali Mehar\Desktop\finabs\finabs\googlemaps_scraper\scraping\scraper.py", line 785, in scrape_subsector
    # or if we've had multiple consecutive scrolls with no new data
UnboundLocalError: cannot access local variable 'scroll_successful' where it is not associated with a value

2025-05-16 02:17:27,538 - googlemaps_scraper - WARNING - M10 6 -> skipped after failed attempts
2025-05-16 02:17:27,566 - googlemaps_scraper - INFO - ==================================================
2025-05-16 02:17:27,567 - googlemaps_scraper - INFO - PROCESSING SUBSECTOR: M10 6 (1/298)
2025-05-16 02:17:27,576 - googlemaps_scraper - INFO - ============================================================
2025-05-16 02:17:27,576 - googlemaps_scraper - INFO - Starting scrape for subsector: M10 6
2025-05-16 02:17:27,579 - googlemaps_scraper - INFO - ============================================================
